#
# There is insufficient memory for the Java Runtime Environment to continue.
# Native memory allocation (mmap) failed to map 385875968 bytes for G1 virtual space
# Possible reasons:
#   The system is out of physical RAM or swap space
#   The process is running with CompressedOops enabled, and the Java Heap may be blocking the growth of the native heap
# Possible solutions:
#   Reduce memory load on the system
#   Increase physical memory or swap space
#   Check if swap backing store is full
#   Decrease Java heap size (-Xmx/-Xms)
#   Decrease number of Java threads
#   Decrease Java thread stack sizes (-Xss)
#   Set larger code cache with -XX:ReservedCodeCacheSize=
#   JVM is running with Zero Based Compressed Oops mode in which the Java heap is
#     placed in the first 32GB address space. The Java Heap base address is the
#     maximum limit for the native heap growth. Please use -XX:HeapBaseMinAddress
#     to set the Java Heap base and to place the Java Heap above 32GB virtual address.
# This output file may be truncated or incomplete.
#
#  Out of Memory Error (os_windows.cpp:3530), pid=9016, tid=7908
#
# JRE version: OpenJDK Runtime Environment Corretto-18.0.2.9.1 (18.0.2+9) (build 18.0.2+9-FR)
# Java VM: OpenJDK 64-Bit Server VM Corretto-18.0.2.9.1 (18.0.2+9-FR, mixed mode, sharing, tiered, compressed oops, compressed class ptrs, g1 gc, windows-amd64)
# No core dump will be written. Minidumps are not enabled by default on client versions of Windows
#

---------------  S U M M A R Y ------------

Command Line: --add-opens=java.base/java.util=ALL-UNNAMED --add-opens=java.base/java.lang=ALL-UNNAMED --add-opens=java.base/java.lang.invoke=ALL-UNNAMED --add-opens=java.base/java.util=ALL-UNNAMED --add-opens=java.prefs/java.util.prefs=ALL-UNNAMED --add-opens=java.prefs/java.util.prefs=ALL-UNNAMED --add-opens=java.base/java.nio.charset=ALL-UNNAMED --add-opens=java.base/java.net=ALL-UNNAMED --add-opens=java.base/java.util.concurrent.atomic=ALL-UNNAMED -Xmx3G -Dfile.encoding=windows-31j -Duser.country=JP -Duser.language=ja -Duser.variant org.gradle.launcher.daemon.bootstrap.GradleDaemon 7.5.1

Host: Intel(R) Pentium(R) CPU GOLD 6500Y @ 1.10GHz, 4 cores, 3G,  Windows 11 , 64 bit Build 22000 (10.0.22000.2124)
Time: Fri May 17 01:40:25 2024  Windows 11 , 64 bit Build 22000 (10.0.22000.2124) elapsed time: 64.912923 seconds (0d 0h 1m 4s)

---------------  T H R E A D  ---------------

Current thread (0x000001777673e3a0):  VMThread "VM Thread" [stack: 0x0000003d11900000,0x0000003d11a00000] [id=7908]

Stack: [0x0000003d11900000,0x0000003d11a00000]
Native frames: (J=compiled Java code, j=interpreted, Vv=VM code, C=native code)
V  [jvm.dll+0x685a2a]
V  [jvm.dll+0x82ae8d]
V  [jvm.dll+0x82c75e]
V  [jvm.dll+0x82ce03]
V  [jvm.dll+0x25ef4b]
V  [jvm.dll+0x6828ca]
V  [jvm.dll+0x67745a]
V  [jvm.dll+0x3243f9]
V  [jvm.dll+0x32ba86]
V  [jvm.dll+0x37e00a]
V  [jvm.dll+0x37e24f]
V  [jvm.dll+0x2fb50a]
V  [jvm.dll+0x2fb5b7]
V  [jvm.dll+0x33f162]
V  [jvm.dll+0x33d8f0]
V  [jvm.dll+0x2fad70]
V  [jvm.dll+0x33cecb]
V  [jvm.dll+0x831b3b]
V  [jvm.dll+0x8328c8]
V  [jvm.dll+0x832e15]
V  [jvm.dll+0x833254]
V  [jvm.dll+0x833315]
V  [jvm.dll+0x7d9cba]
V  [jvm.dll+0x6848a5]
C  [ucrtbase.dll+0x26c0c]
C  [KERNEL32.DLL+0x155a0]
C  [ntdll.dll+0x485b]

VM_Operation (0x0000003d175f87a0): G1CollectForAllocation, mode: safepoint, requested by thread 0x000001771e2baa30


---------------  P R O C E S S  ---------------

Threads class SMR info:
_java_thread_list=0x000001771e869c20, length=91, elements={
0x000001777668cd50, 0x0000017776741160, 0x0000017776741b00, 0x0000017776757710,
0x0000017776757fc0, 0x0000017776758960, 0x000001777f8b2350, 0x000001777f8b3020,
0x000001777f8b3a00, 0x000001777675b700, 0x000001777f9f45a0, 0x000001777f9f9430,
0x000001771beef1a0, 0x000001771bab7310, 0x000001777fc3c540, 0x000001771bab5c50,
0x000001777fcf8430, 0x000001771bb53170, 0x000001771b6e6680, 0x000001771bd301f0,
0x000001771bd2f850, 0x000001771bd2e040, 0x000001771bd2e510, 0x000001771bd2e9e0,
0x000001771bd2eeb0, 0x000001771bd31a00, 0x000001771bd306c0, 0x000001771bd31060,
0x000001771bd2f380, 0x000001771bd30b90, 0x000001771bd31530, 0x000001771bd8a660,
0x000001771bd8b000, 0x000001771bd8be70, 0x000001771bd86300, 0x000001771bd8b9a0,
0x000001771bd867d0, 0x000001771bd85490, 0x000001771bd89320, 0x000001771bd84fc0,
0x000001771bd884b0, 0x000001771bd85960, 0x000001771bd86ca0, 0x000001771bd87170,
0x000001771bd87640, 0x000001771bd87fe0, 0x000001771bd8a190, 0x000001771bd85e30,
0x000001771bd87b10, 0x000001771bd88980, 0x000001771c1b8dc0, 0x000001771c1b9290,
0x000001771c1b6270, 0x000001771c1bc2b0, 0x000001771c1bcc50, 0x000001771c1bc780,
0x000001771c1bd120, 0x000001771c1bb910, 0x000001771c1bd5f0, 0x000001771c1ba5d0,
0x000001771c1b8420, 0x000001771c1baf70, 0x000001771c1b7f50, 0x000001771c1b9760,
0x000001771c1b5da0, 0x000001771c1b6740, 0x000001771c1b9c30, 0x000001771c1b6c10,
0x000001771c1baaa0, 0x000001771c1b70e0, 0x000001771c1bbde0, 0x000001771e2bb8a0,
0x000001771e2b9220, 0x000001771e2be3f0, 0x000001771e2bcbe0, 0x000001771e2bd580,
0x000001771e2b7540, 0x000001771e2bda50, 0x000001771e2ba090, 0x000001771e2b8d50,
0x000001771e2b96f0, 0x000001771e2b7a10, 0x000001771e2bd0b0, 0x000001771e2b9bc0,
0x000001771e2ba560, 0x000001771e2bc240, 0x000001771e2baa30, 0x000001771e2b8880,
0x000001771e2bb3d0, 0x000001771e2bbd70, 0x000001771e2b83b0
}

Java Threads: ( => current thread )
  0x000001777668cd50 JavaThread "main" [_thread_blocked, id=14092, stack(0x0000003d11300000,0x0000003d11400000)]
  0x0000017776741160 JavaThread "Reference Handler" daemon [_thread_blocked, id=14724, stack(0x0000003d11a00000,0x0000003d11b00000)]
  0x0000017776741b00 JavaThread "Finalizer" daemon [_thread_blocked, id=14704, stack(0x0000003d11b00000,0x0000003d11c00000)]
  0x0000017776757710 JavaThread "Signal Dispatcher" daemon [_thread_blocked, id=7812, stack(0x0000003d11c00000,0x0000003d11d00000)]
  0x0000017776757fc0 JavaThread "Attach Listener" daemon [_thread_blocked, id=10740, stack(0x0000003d11d00000,0x0000003d11e00000)]
  0x0000017776758960 JavaThread "Service Thread" daemon [_thread_blocked, id=13628, stack(0x0000003d11e00000,0x0000003d11f00000)]
  0x000001777f8b2350 JavaThread "Monitor Deflation Thread" daemon [_thread_blocked, id=15016, stack(0x0000003d11f00000,0x0000003d12000000)]
  0x000001777f8b3020 JavaThread "C2 CompilerThread0" daemon [_thread_blocked, id=9800, stack(0x0000003d12000000,0x0000003d12100000)]
  0x000001777f8b3a00 JavaThread "C1 CompilerThread0" daemon [_thread_blocked, id=5568, stack(0x0000003d12100000,0x0000003d12200000)]
  0x000001777675b700 JavaThread "Sweeper thread" daemon [_thread_blocked, id=14628, stack(0x0000003d12200000,0x0000003d12300000)]
  0x000001777f9f45a0 JavaThread "Common-Cleaner" daemon [_thread_blocked, id=5224, stack(0x0000003d12300000,0x0000003d12400000)]
  0x000001777f9f9430 JavaThread "Notification Thread" daemon [_thread_blocked, id=2584, stack(0x0000003d12400000,0x0000003d12500000)]
  0x000001771beef1a0 JavaThread "Daemon health stats" [_thread_blocked, id=10228, stack(0x0000003d12900000,0x0000003d12a00000)]
  0x000001771bab7310 JavaThread "Incoming local TCP Connector on port 59224" [_thread_in_native, id=1212, stack(0x0000003d12a00000,0x0000003d12b00000)]
  0x000001777fc3c540 JavaThread "Daemon periodic checks" [_thread_blocked, id=11896, stack(0x0000003d12b00000,0x0000003d12c00000)]
  0x000001771bab5c50 JavaThread "Daemon" [_thread_blocked, id=8520, stack(0x0000003d12c00000,0x0000003d12d00000)]
  0x000001777fcf8430 JavaThread "Handler for socket connection from /127.0.0.1:59224 to /127.0.0.1:59225" [_thread_in_native, id=9328, stack(0x0000003d12d00000,0x0000003d12e00000)]
  0x000001771bb53170 JavaThread "Cancel handler" [_thread_blocked, id=5524, stack(0x0000003d12e00000,0x0000003d12f00000)]
  0x000001771b6e6680 JavaThread "Daemon worker" [_thread_blocked, id=12220, stack(0x0000003d12f00000,0x0000003d13000000)]
  0x000001771bd301f0 JavaThread "Asynchronous log dispatcher for DefaultDaemonConnection: socket connection from /127.0.0.1:59224 to /127.0.0.1:59225" [_thread_blocked, id=16624, stack(0x0000003d13000000,0x0000003d13100000)]
  0x000001771bd2f850 JavaThread "Stdin handler" [_thread_blocked, id=6280, stack(0x0000003d13100000,0x0000003d13200000)]
  0x000001771bd2e040 JavaThread "Daemon client event forwarder" [_thread_blocked, id=6864, stack(0x0000003d13200000,0x0000003d13300000)]
  0x000001771bd2e510 JavaThread "Cache worker for journal cache (C:\Users\fixdo\.gradle\caches\journal-1)" [_thread_blocked, id=10396, stack(0x0000003d13300000,0x0000003d13400000)]
  0x000001771bd2e9e0 JavaThread "File lock request listener" [_thread_in_native, id=16108, stack(0x0000003d13400000,0x0000003d13500000)]
  0x000001771bd2eeb0 JavaThread "Cache worker for file hash cache (C:\Users\fixdo\.gradle\caches\7.5.1\fileHashes)" [_thread_blocked, id=10168, stack(0x0000003d13500000,0x0000003d13600000)]
  0x000001771bd31a00 JavaThread "File watcher server" daemon [_thread_blocked, id=14256, stack(0x0000003d13600000,0x0000003d13700000)]
  0x000001771bd306c0 JavaThread "File watcher consumer" daemon [_thread_blocked, id=16048, stack(0x0000003d13700000,0x0000003d13800000)]
  0x000001771bd31060 JavaThread "Cache worker for checksums cache (C:\Users\fixdo\OneDrive\デスクトップ\MekanismRadioactive-v2.0\.gradle\7.5.1\checksums)" [_thread_blocked, id=14572, stack(0x0000003d13800000,0x0000003d13900000)]
  0x000001771bd2f380 JavaThread "Cache worker for cache directory md-rule (C:\Users\fixdo\.gradle\caches\7.5.1\md-rule)" [_thread_blocked, id=9452, stack(0x0000003d13900000,0x0000003d13a00000)]
  0x000001771bd30b90 JavaThread "Cache worker for file content cache (C:\Users\fixdo\.gradle\caches\7.5.1\fileContent)" [_thread_blocked, id=8288, stack(0x0000003d13a00000,0x0000003d13b00000)]
  0x000001771bd31530 JavaThread "Cache worker for file hash cache (C:\Users\fixdo\OneDrive\デスクトップ\MekanismRadioactive-v2.0\.gradle\7.5.1\fileHashes)" [_thread_blocked, id=7016, stack(0x0000003d13b00000,0x0000003d13c00000)]
  0x000001771bd8a660 JavaThread "Cache worker for cache directory md-supplier (C:\Users\fixdo\.gradle\caches\7.5.1\md-supplier)" [_thread_blocked, id=6956, stack(0x0000003d13c00000,0x0000003d13d00000)]
  0x000001771bd8b000 JavaThread "Cache worker for execution history cache (C:\Users\fixdo\.gradle\caches\7.5.1\executionHistory)" [_thread_blocked, id=11784, stack(0x0000003d13d00000,0x0000003d13e00000)]
  0x000001771bd8be70 JavaThread "jar transforms" [_thread_blocked, id=5900, stack(0x0000003d13e00000,0x0000003d13f00000)]
  0x000001771bd86300 JavaThread "jar transforms Thread 2" [_thread_blocked, id=2348, stack(0x0000003d13f00000,0x0000003d14000000)]
  0x000001771bd8b9a0 JavaThread "jar transforms Thread 3" [_thread_blocked, id=14676, stack(0x0000003d14000000,0x0000003d14100000)]
  0x000001771bd867d0 JavaThread "jar transforms Thread 4" [_thread_blocked, id=6884, stack(0x0000003d14100000,0x0000003d14200000)]
  0x000001771bd85490 JavaThread "Cache worker for dependencies-accessors (C:\Users\fixdo\OneDrive\デスクトップ\MekanismRadioactive-v2.0\.gradle\7.5.1\dependencies-accessors)" [_thread_blocked, id=3564, stack(0x0000003d14200000,0x0000003d14300000)]
  0x000001771bd89320 JavaThread "Cache worker for Build Output Cleanup Cache (C:\Users\fixdo\OneDrive\デスクトップ\MekanismRadioactive-v2.0\.gradle\buildOutputCleanup)" [_thread_blocked, id=6820, stack(0x0000003d14300000,0x0000003d14400000)]
  0x000001771bd84fc0 JavaThread "Unconstrained build operations" [_thread_blocked, id=8088, stack(0x0000003d14400000,0x0000003d14500000)]
  0x000001771bd884b0 JavaThread "Unconstrained build operations Thread 2" [_thread_blocked, id=1680, stack(0x0000003d14500000,0x0000003d14600000)]
  0x000001771bd85960 JavaThread "Unconstrained build operations Thread 3" [_thread_blocked, id=6776, stack(0x0000003d14600000,0x0000003d14700000)]
  0x000001771bd86ca0 JavaThread "Unconstrained build operations Thread 4" [_thread_blocked, id=14024, stack(0x0000003d14700000,0x0000003d14800000)]
  0x000001771bd87170 JavaThread "Unconstrained build operations Thread 5" [_thread_blocked, id=10632, stack(0x0000003d14800000,0x0000003d14900000)]
  0x000001771bd87640 JavaThread "Unconstrained build operations Thread 6" [_thread_blocked, id=1240, stack(0x0000003d14900000,0x0000003d14a00000)]
  0x000001771bd87fe0 JavaThread "Unconstrained build operations Thread 7" [_thread_blocked, id=16204, stack(0x0000003d14a00000,0x0000003d14b00000)]
  0x000001771bd8a190 JavaThread "Unconstrained build operations Thread 8" [_thread_blocked, id=10136, stack(0x0000003d14b00000,0x0000003d14c00000)]
  0x000001771bd85e30 JavaThread "Unconstrained build operations Thread 9" [_thread_blocked, id=1920, stack(0x0000003d14c00000,0x0000003d14d00000)]
  0x000001771bd87b10 JavaThread "Unconstrained build operations Thread 10" [_thread_blocked, id=14364, stack(0x0000003d14d00000,0x0000003d14e00000)]
  0x000001771bd88980 JavaThread "Unconstrained build operations Thread 11" [_thread_blocked, id=10880, stack(0x0000003d14e00000,0x0000003d14f00000)]
  0x000001771c1b8dc0 JavaThread "Unconstrained build operations Thread 12" [_thread_blocked, id=13700, stack(0x0000003d14f00000,0x0000003d15000000)]
  0x000001771c1b9290 JavaThread "Unconstrained build operations Thread 13" [_thread_blocked, id=13068, stack(0x0000003d15000000,0x0000003d15100000)]
  0x000001771c1b6270 JavaThread "Unconstrained build operations Thread 14" [_thread_blocked, id=16096, stack(0x0000003d15100000,0x0000003d15200000)]
  0x000001771c1bc2b0 JavaThread "Unconstrained build operations Thread 15" [_thread_blocked, id=12784, stack(0x0000003d15200000,0x0000003d15300000)]
  0x000001771c1bcc50 JavaThread "Unconstrained build operations Thread 16" [_thread_blocked, id=14928, stack(0x0000003d15300000,0x0000003d15400000)]
  0x000001771c1bc780 JavaThread "Unconstrained build operations Thread 17" [_thread_blocked, id=6056, stack(0x0000003d15400000,0x0000003d15500000)]
  0x000001771c1bd120 JavaThread "Unconstrained build operations Thread 18" [_thread_blocked, id=9104, stack(0x0000003d15500000,0x0000003d15600000)]
  0x000001771c1bb910 JavaThread "Unconstrained build operations Thread 19" [_thread_blocked, id=2388, stack(0x0000003d15600000,0x0000003d15700000)]
  0x000001771c1bd5f0 JavaThread "Unconstrained build operations Thread 20" [_thread_blocked, id=9140, stack(0x0000003d15700000,0x0000003d15800000)]
  0x000001771c1ba5d0 JavaThread "Unconstrained build operations Thread 21" [_thread_blocked, id=9224, stack(0x0000003d15800000,0x0000003d15900000)]
  0x000001771c1b8420 JavaThread "Unconstrained build operations Thread 22" [_thread_blocked, id=2468, stack(0x0000003d15900000,0x0000003d15a00000)]
  0x000001771c1baf70 JavaThread "Unconstrained build operations Thread 23" [_thread_blocked, id=12328, stack(0x0000003d15a00000,0x0000003d15b00000)]
  0x000001771c1b7f50 JavaThread "Unconstrained build operations Thread 24" [_thread_blocked, id=14952, stack(0x0000003d15b00000,0x0000003d15c00000)]
  0x000001771c1b9760 JavaThread "Unconstrained build operations Thread 25" [_thread_blocked, id=17152, stack(0x0000003d15c00000,0x0000003d15d00000)]
  0x000001771c1b5da0 JavaThread "Unconstrained build operations Thread 26" [_thread_blocked, id=3692, stack(0x0000003d15d00000,0x0000003d15e00000)]
  0x000001771c1b6740 JavaThread "Unconstrained build operations Thread 27" [_thread_blocked, id=10264, stack(0x0000003d15e00000,0x0000003d15f00000)]
  0x000001771c1b9c30 JavaThread "Unconstrained build operations Thread 28" [_thread_blocked, id=7472, stack(0x0000003d15f00000,0x0000003d16000000)]
  0x000001771c1b6c10 JavaThread "Unconstrained build operations Thread 29" [_thread_blocked, id=4908, stack(0x0000003d16000000,0x0000003d16100000)]
  0x000001771c1baaa0 JavaThread "Unconstrained build operations Thread 30" [_thread_blocked, id=13208, stack(0x0000003d16100000,0x0000003d16200000)]
  0x000001771c1b70e0 JavaThread "Unconstrained build operations Thread 31" [_thread_blocked, id=1116, stack(0x0000003d16200000,0x0000003d16300000)]
  0x000001771c1bbde0 JavaThread "Memory manager" [_thread_blocked, id=10324, stack(0x0000003d16600000,0x0000003d16700000)]
  0x000001771e2bb8a0 JavaThread "ForkJoinPool.commonPool-worker-1" daemon [_thread_blocked, id=17012, stack(0x0000003d16700000,0x0000003d16800000)]
  0x000001771e2b9220 JavaThread "ForkJoinPool.commonPool-worker-2" daemon [_thread_blocked, id=8112, stack(0x0000003d16800000,0x0000003d16900000)]
  0x000001771e2be3f0 JavaThread "ForkJoinPool.commonPool-worker-3" daemon [_thread_blocked, id=3120, stack(0x0000003d16900000,0x0000003d16a00000)]
  0x000001771e2bcbe0 JavaThread "Exec process" [_thread_blocked, id=15180, stack(0x0000003d16a00000,0x0000003d16b00000)]
  0x000001771e2bd580 JavaThread "Exec process Thread 2" [_thread_blocked, id=10144, stack(0x0000003d16b00000,0x0000003d16c00000)]
  0x000001771e2b7540 JavaThread "Exec process Thread 3" [_thread_blocked, id=14040, stack(0x0000003d16c00000,0x0000003d16d00000)]
  0x000001771e2bda50 JavaThread "Unconstrained build operations Thread 32" [_thread_blocked, id=6812, stack(0x0000003d16500000,0x0000003d16600000)]
  0x000001771e2ba090 JavaThread "Unconstrained build operations Thread 33" [_thread_blocked, id=8648, stack(0x0000003d16d00000,0x0000003d16e00000)]
  0x000001771e2b8d50 JavaThread "Unconstrained build operations Thread 34" [_thread_blocked, id=8632, stack(0x0000003d16e00000,0x0000003d16f00000)]
  0x000001771e2b96f0 JavaThread "Unconstrained build operations Thread 35" [_thread_blocked, id=8636, stack(0x0000003d16f00000,0x0000003d17000000)]
  0x000001771e2b7a10 JavaThread "Unconstrained build operations Thread 36" [_thread_blocked, id=16044, stack(0x0000003d17000000,0x0000003d17100000)]
  0x000001771e2bd0b0 JavaThread "Unconstrained build operations Thread 37" [_thread_blocked, id=8640, stack(0x0000003d17100000,0x0000003d17200000)]
  0x000001771e2b9bc0 JavaThread "Unconstrained build operations Thread 38" [_thread_blocked, id=2380, stack(0x0000003d17200000,0x0000003d17300000)]
  0x000001771e2ba560 JavaThread "Unconstrained build operations Thread 39" [_thread_blocked, id=17208, stack(0x0000003d17300000,0x0000003d17400000)]
  0x000001771e2bc240 JavaThread "Unconstrained build operations Thread 40" [_thread_blocked, id=7200, stack(0x0000003d17400000,0x0000003d17500000)]
  0x000001771e2baa30 JavaThread "included builds" [_thread_blocked, id=428, stack(0x0000003d17500000,0x0000003d17600000)]
  0x000001771e2b8880 JavaThread "Execution worker" [_thread_blocked, id=8176, stack(0x0000003d17600000,0x0000003d17700000)]
  0x000001771e2bb3d0 JavaThread "Execution worker Thread 2" [_thread_blocked, id=9168, stack(0x0000003d17700000,0x0000003d17800000)]
  0x000001771e2bbd70 JavaThread "Execution worker Thread 3" [_thread_blocked, id=8756, stack(0x0000003d17800000,0x0000003d17900000)]
  0x000001771e2b83b0 JavaThread "Cache worker for execution history cache (C:\Users\fixdo\OneDrive\デスクトップ\MekanismRadioactive-v2.0\.gradle\7.5.1\executionHistory)" [_thread_blocked, id=1896, stack(0x0000003d17900000,0x0000003d17a00000)]

Other Threads:
=>0x000001777673e3a0 VMThread "VM Thread" [stack: 0x0000003d11900000,0x0000003d11a00000] [id=7908]
  0x000001777f9fb900 WatcherThread "VM Periodic Task Thread" [stack: 0x0000003d12500000,0x0000003d12600000] [id=15888]
  0x00000177766e9740 WorkerThread "GC Thread#0" [stack: 0x0000003d11400000,0x0000003d11500000] [id=12984]
  0x000001777fb4d260 WorkerThread "GC Thread#1" [stack: 0x0000003d12700000,0x0000003d12800000] [id=13424]
  0x000001777fc7ec80 WorkerThread "GC Thread#2" [stack: 0x0000003d12800000,0x0000003d12900000] [id=15908]
  0x000001777f9b80e0 WorkerThread "GC Thread#3" [stack: 0x0000003d12600000,0x0000003d12700000] [id=4740]
  0x00000177766f6670 ConcurrentGCThread "G1 Main Marker" [stack: 0x0000003d11500000,0x0000003d11600000] [id=13844]
  0x00000177766f71c0 WorkerThread "G1 Conc#0" [stack: 0x0000003d11600000,0x0000003d11700000] [id=2852]
  0x0000017776716880 ConcurrentGCThread "G1 Refine#0" [stack: 0x0000003d11700000,0x0000003d11800000] [id=15608]
  0x000001771d40cd40 ConcurrentGCThread "G1 Refine#1" [stack: 0x0000003d17a00000,0x0000003d17b00000] [id=11868]
  0x000001771d40ffe0 ConcurrentGCThread "G1 Refine#2" [stack: 0x0000003d17b00000,0x0000003d17c00000] [id=2844]
  0x000001771d40de20 ConcurrentGCThread "G1 Refine#3" [stack: 0x0000003d17c00000,0x0000003d17d00000] [id=13496]
  0x00000177767172f0 ConcurrentGCThread "G1 Service" [stack: 0x0000003d11800000,0x0000003d11900000] [id=7148]

Threads with active compile tasks:
C2 CompilerThread0    65073 9070       4       net.minecraftforge.srgutils.MappingFile::addClass (23 bytes)

VM state: at safepoint (normal execution)

VM Mutex/Monitor currently owned by a thread:  ([mutex/lock_event])
[0x0000017776687a70] Threads_lock - owner thread: 0x000001777673e3a0
[0x0000017776687b90] Heap_lock - owner thread: 0x000001771e2baa30

Heap address: 0x0000000740000000, size: 3072 MB, Compressed Oops mode: Zero based, Oop shift amount: 3

CDS archive(s) mapped at: [0x0000000800000000-0x0000000800ba0000-0x0000000800ba0000), size 12189696, SharedBaseAddress: 0x0000000800000000, ArchiveRelocationMode: 0.
Compressed class space mapped at: 0x0000000800c00000-0x0000000840c00000, reserved size: 1073741824
Narrow klass base: 0x0000000800000000, Narrow klass shift: 0, Narrow klass range: 0x100000000

GC Precious Log:
 CardTable entry size: 512
 Card Set container configuration: InlinePtr #cards 4 size 8 Array Of Cards #cards 16 size 48 Howl #buckets 8 coarsen threshold 3686 Howl Bitmap #cards 512 size 80 coarsen threshold 460 Card regions per heap region 1 cards per card region 4096
 CPUs: 4 total, 4 available
 Memory: 4017M
 Large Page Support: Disabled
 NUMA Support: Disabled
 Compressed Oops: Enabled (Zero based)
 Heap Region Size: 2M
 Heap Min Capacity: 8M
 Heap Initial Capacity: 64M
 Heap Max Capacity: 3G
 Pre-touch: Disabled
 Parallel Workers: 4
 Concurrent Workers: 1
 Concurrent Refinement Workers: 4
 Periodic GC: Disabled

Heap:
 garbage-first heap   total 378880K, used 193536K [0x0000000740000000, 0x0000000800000000)
  region size 2048K, 6 young (12288K), 6 survivors (12288K)
 Metaspace       used 63844K, committed 65600K, reserved 1114112K
  class space    used 8793K, committed 9728K, reserved 1048576K

Heap Regions: E=young(eden), S=young(survivor), O=old, HS=humongous(starts), HC=humongous(continues), CS=collection set, F=free, OA=open archive, CA=closed archive, TAMS=top-at-mark-start (previous, next)
|   0|0x0000000740000000, 0x0000000740200000, 0x0000000740200000|100%|HS|  |TAMS 0x0000000740200000, 0x0000000740200000| Complete 
|   1|0x0000000740200000, 0x0000000740400000, 0x0000000740400000|100%|HC|  |TAMS 0x0000000740400000, 0x0000000740400000| Complete 
|   2|0x0000000740400000, 0x0000000740600000, 0x0000000740600000|100%| O|  |TAMS 0x0000000740600000, 0x0000000740600000| Untracked 
|   3|0x0000000740600000, 0x0000000740800000, 0x0000000740800000|100%| O|  |TAMS 0x0000000740800000, 0x0000000740800000| Untracked 
|   4|0x0000000740800000, 0x0000000740a00000, 0x0000000740a00000|100%| O|  |TAMS 0x0000000740a00000, 0x0000000740a00000| Untracked 
|   5|0x0000000740a00000, 0x0000000740c00000, 0x0000000740c00000|100%| O|  |TAMS 0x0000000740c00000, 0x0000000740c00000| Untracked 
|   6|0x0000000740c00000, 0x0000000740e00000, 0x0000000740e00000|100%| O|  |TAMS 0x0000000740e00000, 0x0000000740e00000| Untracked 
|   7|0x0000000740e00000, 0x0000000741000000, 0x0000000741000000|100%| O|  |TAMS 0x0000000741000000, 0x0000000741000000| Untracked 
|   8|0x0000000741000000, 0x0000000741200000, 0x0000000741200000|100%| O|  |TAMS 0x0000000741200000, 0x0000000741200000| Untracked 
|   9|0x0000000741200000, 0x0000000741400000, 0x0000000741400000|100%| O|  |TAMS 0x0000000741200000, 0x0000000741400000| Untracked 
|  10|0x0000000741400000, 0x0000000741600000, 0x0000000741600000|100%|HS|  |TAMS 0x0000000741400000, 0x0000000741600000| Complete 
|  11|0x0000000741600000, 0x0000000741800000, 0x0000000741800000|100%| O|  |TAMS 0x0000000741800000, 0x0000000741800000| Untracked 
|  12|0x0000000741800000, 0x0000000741a00000, 0x0000000741a00000|100%| O|  |TAMS 0x0000000741a00000, 0x0000000741a00000| Untracked 
|  13|0x0000000741a00000, 0x0000000741c00000, 0x0000000741c00000|100%| O|  |TAMS 0x0000000741c00000, 0x0000000741c00000| Untracked 
|  14|0x0000000741c00000, 0x0000000741e00000, 0x0000000741e00000|100%| O|  |TAMS 0x0000000741e00000, 0x0000000741e00000| Untracked 
|  15|0x0000000741e00000, 0x0000000742000000, 0x0000000742000000|100%| O|  |TAMS 0x0000000742000000, 0x0000000742000000| Untracked 
|  16|0x0000000742000000, 0x0000000742200000, 0x0000000742200000|100%| O|  |TAMS 0x000000074205dc00, 0x0000000742200000| Untracked 
|  17|0x0000000742200000, 0x0000000742400000, 0x0000000742400000|100%| O|  |TAMS 0x0000000742200000, 0x0000000742400000| Untracked 
|  18|0x0000000742400000, 0x0000000742600000, 0x0000000742600000|100%| O|  |TAMS 0x0000000742400000, 0x0000000742600000| Untracked 
|  19|0x0000000742600000, 0x0000000742800000, 0x0000000742800000|100%| O|  |TAMS 0x0000000742600000, 0x0000000742800000| Untracked 
|  20|0x0000000742800000, 0x0000000742a00000, 0x0000000742a00000|100%| O|  |TAMS 0x0000000742800000, 0x0000000742800000| Untracked 
|  21|0x0000000742a00000, 0x0000000742c00000, 0x0000000742c00000|100%| O|  |TAMS 0x0000000742a00000, 0x0000000742a00000| Untracked 
|  22|0x0000000742c00000, 0x0000000742e00000, 0x0000000742e00000|100%| O|  |TAMS 0x0000000742c00000, 0x0000000742c00000| Untracked 
|  23|0x0000000742e00000, 0x0000000743000000, 0x0000000743000000|100%| O|  |TAMS 0x0000000742e00000, 0x0000000742e00000| Untracked 
|  24|0x0000000743000000, 0x0000000743200000, 0x0000000743200000|100%| O|  |TAMS 0x0000000743000000, 0x0000000743000000| Untracked 
|  25|0x0000000743200000, 0x0000000743400000, 0x0000000743400000|100%| O|  |TAMS 0x0000000743200000, 0x0000000743200000| Untracked 
|  26|0x0000000743400000, 0x0000000743600000, 0x0000000743600000|100%| O|  |TAMS 0x0000000743400000, 0x0000000743400000| Untracked 
|  27|0x0000000743600000, 0x0000000743800000, 0x0000000743800000|100%| O|  |TAMS 0x0000000743600000, 0x0000000743600000| Untracked 
|  28|0x0000000743800000, 0x0000000743a00000, 0x0000000743a00000|100%| O|  |TAMS 0x0000000743800000, 0x0000000743a00000| Untracked 
|  29|0x0000000743a00000, 0x0000000743c00000, 0x0000000743c00000|100%| O|  |TAMS 0x0000000743a00000, 0x0000000743c00000| Untracked 
|  30|0x0000000743c00000, 0x0000000743e00000, 0x0000000743e00000|100%| O|  |TAMS 0x0000000743c00000, 0x0000000743e00000| Untracked 
|  31|0x0000000743e00000, 0x0000000744000000, 0x0000000744000000|100%| O|  |TAMS 0x0000000743e00000, 0x0000000743e00000| Untracked 
|  32|0x0000000744000000, 0x0000000744200000, 0x0000000744200000|100%| O|  |TAMS 0x0000000744000000, 0x0000000744000000| Untracked 
|  33|0x0000000744200000, 0x0000000744400000, 0x0000000744400000|100%| O|  |TAMS 0x0000000744200000, 0x0000000744200000| Untracked 
|  34|0x0000000744400000, 0x0000000744600000, 0x0000000744600000|100%| O|  |TAMS 0x0000000744400000, 0x0000000744400000| Untracked 
|  35|0x0000000744600000, 0x0000000744800000, 0x0000000744800000|100%| O|  |TAMS 0x0000000744600000, 0x00000007446d3200| Untracked 
|  36|0x0000000744800000, 0x0000000744a00000, 0x0000000744a00000|100%| O|  |TAMS 0x0000000744800000, 0x0000000744800000| Untracked 
|  37|0x0000000744a00000, 0x0000000744c00000, 0x0000000744c00000|100%| O|  |TAMS 0x0000000744a00000, 0x0000000744a00000| Untracked 
|  38|0x0000000744c00000, 0x0000000744e00000, 0x0000000744e00000|100%| O|  |TAMS 0x0000000744c00000, 0x0000000744c00000| Untracked 
|  39|0x0000000744e00000, 0x0000000745000000, 0x0000000745000000|100%| O|  |TAMS 0x0000000744e00000, 0x0000000744e00000| Untracked 
|  40|0x0000000745000000, 0x0000000745200000, 0x0000000745200000|100%| O|  |TAMS 0x0000000745000000, 0x0000000745000000| Untracked 
|  41|0x0000000745200000, 0x0000000745400000, 0x0000000745400000|100%| O|  |TAMS 0x0000000745200000, 0x0000000745200000| Untracked 
|  42|0x0000000745400000, 0x0000000745600000, 0x0000000745600000|100%| O|  |TAMS 0x0000000745400000, 0x0000000745400000| Untracked 
|  43|0x0000000745600000, 0x0000000745800000, 0x0000000745800000|100%| O|  |TAMS 0x0000000745600000, 0x0000000745600000| Untracked 
|  44|0x0000000745800000, 0x0000000745a00000, 0x0000000745a00000|100%| O|  |TAMS 0x0000000745800000, 0x0000000745800000| Untracked 
|  45|0x0000000745a00000, 0x0000000745c00000, 0x0000000745c00000|100%| O|  |TAMS 0x0000000745a00000, 0x0000000745a00000| Untracked 
|  46|0x0000000745c00000, 0x0000000745e00000, 0x0000000745e00000|100%| O|  |TAMS 0x0000000745c00000, 0x0000000745c00000| Untracked 
|  47|0x0000000745e00000, 0x0000000746000000, 0x0000000746000000|100%| O|  |TAMS 0x0000000745e00000, 0x0000000745e00000| Untracked 
|  48|0x0000000746000000, 0x0000000746200000, 0x0000000746200000|100%| O|  |TAMS 0x0000000746000000, 0x0000000746000000| Untracked 
|  49|0x0000000746200000, 0x0000000746400000, 0x0000000746400000|100%| O|  |TAMS 0x0000000746200000, 0x0000000746200000| Untracked 
|  50|0x0000000746400000, 0x0000000746600000, 0x0000000746600000|100%| O|  |TAMS 0x0000000746400000, 0x0000000746400000| Untracked 
|  51|0x0000000746600000, 0x0000000746800000, 0x0000000746800000|100%| O|  |TAMS 0x0000000746600000, 0x0000000746600000| Untracked 
|  52|0x0000000746800000, 0x0000000746a00000, 0x0000000746a00000|100%| O|  |TAMS 0x0000000746800000, 0x0000000746800000| Untracked 
|  53|0x0000000746a00000, 0x0000000746c00000, 0x0000000746c00000|100%| O|  |TAMS 0x0000000746a00000, 0x0000000746a00000| Untracked 
|  54|0x0000000746c00000, 0x0000000746e00000, 0x0000000746e00000|100%| O|  |TAMS 0x0000000746c00000, 0x0000000746c00000| Untracked 
|  55|0x0000000746e00000, 0x0000000747000000, 0x0000000747000000|100%| O|  |TAMS 0x0000000746e00000, 0x0000000746e00000| Untracked 
|  56|0x0000000747000000, 0x0000000747200000, 0x0000000747200000|100%| O|  |TAMS 0x0000000747000000, 0x0000000747000000| Untracked 
|  57|0x0000000747200000, 0x0000000747400000, 0x0000000747400000|100%| O|  |TAMS 0x0000000747200000, 0x0000000747200000| Untracked 
|  58|0x0000000747400000, 0x0000000747600000, 0x0000000747600000|100%| O|  |TAMS 0x0000000747400000, 0x0000000747400000| Untracked 
|  59|0x0000000747600000, 0x0000000747800000, 0x0000000747800000|100%| O|  |TAMS 0x0000000747600000, 0x0000000747600000| Untracked 
|  60|0x0000000747800000, 0x0000000747a00000, 0x0000000747a00000|100%| O|  |TAMS 0x0000000747800000, 0x0000000747800000| Untracked 
|  61|0x0000000747a00000, 0x0000000747c00000, 0x0000000747c00000|100%| O|  |TAMS 0x0000000747a00000, 0x0000000747a00000| Untracked 
|  62|0x0000000747c00000, 0x0000000747d00000, 0x0000000747e00000| 50%| O|  |TAMS 0x0000000747c00000, 0x0000000747c00000| Untracked 
|  63|0x0000000747e00000, 0x0000000747e00000, 0x0000000748000000|  0%| F|  |TAMS 0x0000000747e00000, 0x0000000747e00000| Untracked 
|  64|0x0000000748000000, 0x0000000748000000, 0x0000000748200000|  0%| F|  |TAMS 0x0000000748000000, 0x0000000748000000| Untracked 
|  65|0x0000000748200000, 0x0000000748200000, 0x0000000748400000|  0%| F|  |TAMS 0x0000000748200000, 0x0000000748200000| Untracked 
|  66|0x0000000748400000, 0x0000000748400000, 0x0000000748600000|  0%| F|  |TAMS 0x0000000748400000, 0x0000000748400000| Untracked 
|  67|0x0000000748600000, 0x0000000748600000, 0x0000000748800000|  0%| F|  |TAMS 0x0000000748600000, 0x0000000748600000| Untracked 
|  68|0x0000000748800000, 0x0000000748800000, 0x0000000748a00000|  0%| F|  |TAMS 0x0000000748800000, 0x0000000748800000| Untracked 
|  69|0x0000000748a00000, 0x0000000748a00000, 0x0000000748c00000|  0%| F|  |TAMS 0x0000000748a00000, 0x0000000748a00000| Untracked 
|  70|0x0000000748c00000, 0x0000000748c00000, 0x0000000748e00000|  0%| F|  |TAMS 0x0000000748c00000, 0x0000000748c00000| Untracked 
|  71|0x0000000748e00000, 0x0000000748e00000, 0x0000000749000000|  0%| F|  |TAMS 0x0000000748e00000, 0x0000000748e00000| Untracked 
|  72|0x0000000749000000, 0x0000000749000000, 0x0000000749200000|  0%| F|  |TAMS 0x0000000749000000, 0x0000000749000000| Untracked 
|  73|0x0000000749200000, 0x0000000749200000, 0x0000000749400000|  0%| F|  |TAMS 0x0000000749200000, 0x0000000749200000| Untracked 
|  74|0x0000000749400000, 0x0000000749400000, 0x0000000749600000|  0%| F|  |TAMS 0x0000000749400000, 0x0000000749400000| Untracked 
|  75|0x0000000749600000, 0x0000000749600000, 0x0000000749800000|  0%| F|  |TAMS 0x0000000749600000, 0x0000000749600000| Untracked 
|  76|0x0000000749800000, 0x0000000749800000, 0x0000000749a00000|  0%| F|  |TAMS 0x0000000749800000, 0x0000000749800000| Untracked 
|  77|0x0000000749a00000, 0x0000000749a00000, 0x0000000749c00000|  0%| F|  |TAMS 0x0000000749a00000, 0x0000000749a00000| Untracked 
|  78|0x0000000749c00000, 0x0000000749c00000, 0x0000000749e00000|  0%| F|  |TAMS 0x0000000749c00000, 0x0000000749c00000| Untracked 
|  79|0x0000000749e00000, 0x0000000749e00000, 0x000000074a000000|  0%| F|  |TAMS 0x0000000749e00000, 0x0000000749e00000| Untracked 
|  80|0x000000074a000000, 0x000000074a000000, 0x000000074a200000|  0%| F|  |TAMS 0x000000074a000000, 0x000000074a000000| Untracked 
|  81|0x000000074a200000, 0x000000074a200000, 0x000000074a400000|  0%| F|  |TAMS 0x000000074a200000, 0x000000074a200000| Untracked 
|  82|0x000000074a400000, 0x000000074a400000, 0x000000074a600000|  0%| F|  |TAMS 0x000000074a400000, 0x000000074a400000| Untracked 
|  83|0x000000074a600000, 0x000000074a600000, 0x000000074a800000|  0%| F|  |TAMS 0x000000074a600000, 0x000000074a600000| Untracked 
|  84|0x000000074a800000, 0x000000074a800000, 0x000000074aa00000|  0%| F|  |TAMS 0x000000074a800000, 0x000000074a800000| Untracked 
|  85|0x000000074aa00000, 0x000000074aa00000, 0x000000074ac00000|  0%| F|  |TAMS 0x000000074aa00000, 0x000000074aa00000| Untracked 
|  86|0x000000074ac00000, 0x000000074ac00000, 0x000000074ae00000|  0%| F|  |TAMS 0x000000074ac00000, 0x000000074ac00000| Untracked 
|  87|0x000000074ae00000, 0x000000074ae00000, 0x000000074b000000|  0%| F|  |TAMS 0x000000074ae00000, 0x000000074ae00000| Untracked 
|  88|0x000000074b000000, 0x000000074b000000, 0x000000074b200000|  0%| F|  |TAMS 0x000000074b000000, 0x000000074b000000| Untracked 
|  89|0x000000074b200000, 0x000000074b200000, 0x000000074b400000|  0%| F|  |TAMS 0x000000074b200000, 0x000000074b200000| Untracked 
|  90|0x000000074b400000, 0x000000074b400000, 0x000000074b600000|  0%| F|  |TAMS 0x000000074b400000, 0x000000074b400000| Untracked 
|  91|0x000000074b600000, 0x000000074b600000, 0x000000074b800000|  0%| F|  |TAMS 0x000000074b600000, 0x000000074b600000| Untracked 
|  92|0x000000074b800000, 0x000000074b800000, 0x000000074ba00000|  0%| F|  |TAMS 0x000000074b800000, 0x000000074b800000| Untracked 
|  93|0x000000074ba00000, 0x000000074ba00000, 0x000000074bc00000|  0%| F|  |TAMS 0x000000074ba00000, 0x000000074ba00000| Untracked 
|  94|0x000000074bc00000, 0x000000074bc00000, 0x000000074be00000|  0%| F|  |TAMS 0x000000074bc00000, 0x000000074bc00000| Untracked 
|  95|0x000000074be00000, 0x000000074be00000, 0x000000074c000000|  0%| F|  |TAMS 0x000000074be00000, 0x000000074be00000| Untracked 
|  96|0x000000074c000000, 0x000000074c000000, 0x000000074c200000|  0%| F|  |TAMS 0x000000074c000000, 0x000000074c000000| Untracked 
|  97|0x000000074c200000, 0x000000074c200000, 0x000000074c400000|  0%| F|  |TAMS 0x000000074c200000, 0x000000074c200000| Untracked 
|  98|0x000000074c400000, 0x000000074c400000, 0x000000074c600000|  0%| F|  |TAMS 0x000000074c400000, 0x000000074c400000| Untracked 
|  99|0x000000074c600000, 0x000000074c600000, 0x000000074c800000|  0%| F|  |TAMS 0x000000074c600000, 0x000000074c600000| Untracked 
| 100|0x000000074c800000, 0x000000074c800000, 0x000000074ca00000|  0%| F|  |TAMS 0x000000074c800000, 0x000000074c800000| Untracked 
| 101|0x000000074ca00000, 0x000000074ca00000, 0x000000074cc00000|  0%| F|  |TAMS 0x000000074ca00000, 0x000000074ca00000| Untracked 
| 102|0x000000074cc00000, 0x000000074cc00000, 0x000000074ce00000|  0%| F|  |TAMS 0x000000074cc00000, 0x000000074cc00000| Untracked 
| 103|0x000000074ce00000, 0x000000074ce00000, 0x000000074d000000|  0%| F|  |TAMS 0x000000074ce00000, 0x000000074ce00000| Untracked 
| 104|0x000000074d000000, 0x000000074d000000, 0x000000074d200000|  0%| F|  |TAMS 0x000000074d000000, 0x000000074d000000| Untracked 
| 105|0x000000074d200000, 0x000000074d200000, 0x000000074d400000|  0%| F|  |TAMS 0x000000074d200000, 0x000000074d200000| Untracked 
| 106|0x000000074d400000, 0x000000074d400000, 0x000000074d600000|  0%| F|  |TAMS 0x000000074d400000, 0x000000074d400000| Untracked 
| 107|0x000000074d600000, 0x000000074d600000, 0x000000074d800000|  0%| F|  |TAMS 0x000000074d600000, 0x000000074d600000| Untracked 
| 108|0x000000074d800000, 0x000000074d800000, 0x000000074da00000|  0%| F|  |TAMS 0x000000074d800000, 0x000000074d800000| Untracked 
| 109|0x000000074da00000, 0x000000074da00000, 0x000000074dc00000|  0%| F|  |TAMS 0x000000074da00000, 0x000000074da00000| Untracked 
| 110|0x000000074dc00000, 0x000000074de00000, 0x000000074de00000|100%| S|CS|TAMS 0x000000074dc00000, 0x000000074dc00000| Complete 
| 111|0x000000074de00000, 0x000000074e000000, 0x000000074e000000|100%| S|CS|TAMS 0x000000074de00000, 0x000000074de00000| Complete 
| 112|0x000000074e000000, 0x000000074e200000, 0x000000074e200000|100%| S|CS|TAMS 0x000000074e000000, 0x000000074e000000| Complete 
| 113|0x000000074e200000, 0x000000074e400000, 0x000000074e400000|100%| S|CS|TAMS 0x000000074e200000, 0x000000074e200000| Complete 
| 114|0x000000074e400000, 0x000000074e600000, 0x000000074e600000|100%| S|CS|TAMS 0x000000074e400000, 0x000000074e400000| Complete 
| 115|0x000000074e600000, 0x000000074e800000, 0x000000074e800000|100%| S|CS|TAMS 0x000000074e600000, 0x000000074e600000| Complete 
| 116|0x000000074e800000, 0x000000074e800000, 0x000000074ea00000|  0%| F|  |TAMS 0x000000074e800000, 0x000000074e800000| Untracked 
| 117|0x000000074ea00000, 0x000000074ea00000, 0x000000074ec00000|  0%| F|  |TAMS 0x000000074ea00000, 0x000000074ea00000| Untracked 
| 118|0x000000074ec00000, 0x000000074ec00000, 0x000000074ee00000|  0%| F|  |TAMS 0x000000074ec00000, 0x000000074ec00000| Untracked 
| 119|0x000000074ee00000, 0x000000074ee00000, 0x000000074f000000|  0%| F|  |TAMS 0x000000074ee00000, 0x000000074ee00000| Untracked 
| 120|0x000000074f000000, 0x000000074f000000, 0x000000074f200000|  0%| F|  |TAMS 0x000000074f000000, 0x000000074f000000| Untracked 
| 121|0x000000074f200000, 0x000000074f200000, 0x000000074f400000|  0%| F|  |TAMS 0x000000074f200000, 0x000000074f200000| Untracked 
| 122|0x000000074f400000, 0x000000074f400000, 0x000000074f600000|  0%| F|  |TAMS 0x000000074f400000, 0x000000074f400000| Untracked 
| 123|0x000000074f600000, 0x000000074f600000, 0x000000074f800000|  0%| F|  |TAMS 0x000000074f600000, 0x000000074f600000| Untracked 
| 124|0x000000074f800000, 0x000000074f800000, 0x000000074fa00000|  0%| F|  |TAMS 0x000000074f800000, 0x000000074f800000| Untracked 
| 125|0x000000074fa00000, 0x000000074fa00000, 0x000000074fc00000|  0%| F|  |TAMS 0x000000074fa00000, 0x000000074fa00000| Untracked 
| 126|0x000000074fc00000, 0x000000074fc00000, 0x000000074fe00000|  0%| F|  |TAMS 0x000000074fc00000, 0x000000074fc00000| Untracked 
| 127|0x000000074fe00000, 0x000000074fe00000, 0x0000000750000000|  0%| F|  |TAMS 0x000000074fe00000, 0x000000074fe00000| Untracked 
| 128|0x0000000750000000, 0x0000000750000000, 0x0000000750200000|  0%| F|  |TAMS 0x0000000750000000, 0x0000000750000000| Untracked 
| 129|0x0000000750200000, 0x0000000750200000, 0x0000000750400000|  0%| F|  |TAMS 0x0000000750200000, 0x0000000750200000| Untracked 
| 130|0x0000000750400000, 0x0000000750400000, 0x0000000750600000|  0%| F|  |TAMS 0x0000000750400000, 0x0000000750400000| Untracked 
| 131|0x0000000750600000, 0x0000000750600000, 0x0000000750800000|  0%| F|  |TAMS 0x0000000750600000, 0x0000000750600000| Untracked 
| 132|0x0000000750800000, 0x0000000750800000, 0x0000000750a00000|  0%| F|  |TAMS 0x0000000750800000, 0x0000000750800000| Untracked 
| 133|0x0000000750a00000, 0x0000000750a00000, 0x0000000750c00000|  0%| F|  |TAMS 0x0000000750a00000, 0x0000000750a00000| Untracked 
| 134|0x0000000750c00000, 0x0000000750c00000, 0x0000000750e00000|  0%| F|  |TAMS 0x0000000750c00000, 0x0000000750c00000| Untracked 
| 135|0x0000000750e00000, 0x0000000750e00000, 0x0000000751000000|  0%| F|  |TAMS 0x0000000750e00000, 0x0000000750e00000| Untracked 
| 136|0x0000000751000000, 0x0000000751000000, 0x0000000751200000|  0%| F|  |TAMS 0x0000000751000000, 0x0000000751000000| Untracked 
| 137|0x0000000751200000, 0x0000000751200000, 0x0000000751400000|  0%| F|  |TAMS 0x0000000751200000, 0x0000000751200000| Untracked 
| 138|0x0000000751400000, 0x0000000751400000, 0x0000000751600000|  0%| F|  |TAMS 0x0000000751400000, 0x0000000751400000| Untracked 
| 139|0x0000000751600000, 0x0000000751600000, 0x0000000751800000|  0%| F|  |TAMS 0x0000000751600000, 0x0000000751600000| Untracked 
| 140|0x0000000751800000, 0x0000000751800000, 0x0000000751a00000|  0%| F|  |TAMS 0x0000000751800000, 0x0000000751800000| Untracked 
| 141|0x0000000751a00000, 0x0000000751a00000, 0x0000000751c00000|  0%| F|  |TAMS 0x0000000751a00000, 0x0000000751a00000| Untracked 
| 142|0x0000000751c00000, 0x0000000751c00000, 0x0000000751e00000|  0%| F|  |TAMS 0x0000000751c00000, 0x0000000751c00000| Untracked 
| 143|0x0000000751e00000, 0x0000000751e00000, 0x0000000752000000|  0%| F|  |TAMS 0x0000000751e00000, 0x0000000751e00000| Untracked 
| 144|0x0000000752000000, 0x0000000752000000, 0x0000000752200000|  0%| F|  |TAMS 0x0000000752000000, 0x0000000752000000| Untracked 
| 145|0x0000000752200000, 0x0000000752200000, 0x0000000752400000|  0%| F|  |TAMS 0x0000000752200000, 0x0000000752200000| Untracked 
| 146|0x0000000752400000, 0x0000000752400000, 0x0000000752600000|  0%| F|  |TAMS 0x0000000752400000, 0x0000000752400000| Untracked 
| 147|0x0000000752600000, 0x0000000752600000, 0x0000000752800000|  0%| F|  |TAMS 0x0000000752600000, 0x0000000752600000| Untracked 
| 148|0x0000000752800000, 0x0000000752800000, 0x0000000752a00000|  0%| F|  |TAMS 0x0000000752800000, 0x0000000752800000| Untracked 
| 149|0x0000000752a00000, 0x0000000752a00000, 0x0000000752c00000|  0%| F|  |TAMS 0x0000000752a00000, 0x0000000752a00000| Untracked 
| 150|0x0000000752c00000, 0x0000000752c00000, 0x0000000752e00000|  0%| F|  |TAMS 0x0000000752c00000, 0x0000000752c00000| Untracked 
| 151|0x0000000752e00000, 0x0000000752e00000, 0x0000000753000000|  0%| F|  |TAMS 0x0000000752e00000, 0x0000000752e00000| Untracked 
| 152|0x0000000753000000, 0x0000000753000000, 0x0000000753200000|  0%| F|  |TAMS 0x0000000753000000, 0x0000000753000000| Untracked 
| 153|0x0000000753200000, 0x0000000753200000, 0x0000000753400000|  0%| F|  |TAMS 0x0000000753200000, 0x0000000753200000| Untracked 
| 154|0x0000000753400000, 0x0000000753400000, 0x0000000753600000|  0%| F|  |TAMS 0x0000000753400000, 0x0000000753400000| Untracked 
| 155|0x0000000753600000, 0x0000000753600000, 0x0000000753800000|  0%| F|  |TAMS 0x0000000753600000, 0x0000000753600000| Untracked 
| 156|0x0000000753800000, 0x0000000753800000, 0x0000000753a00000|  0%| F|  |TAMS 0x0000000753800000, 0x0000000753800000| Untracked 
| 157|0x0000000753a00000, 0x0000000753a00000, 0x0000000753c00000|  0%| F|  |TAMS 0x0000000753a00000, 0x0000000753a00000| Untracked 
| 158|0x0000000753c00000, 0x0000000753c00000, 0x0000000753e00000|  0%| F|  |TAMS 0x0000000753c00000, 0x0000000753c00000| Untracked 
|1510|0x00000007fcc00000, 0x00000007fce00000, 0x00000007fce00000|100%| O|  |TAMS 0x00000007fcc00000, 0x00000007fcc00000| Untracked 
|1511|0x00000007fce00000, 0x00000007fd000000, 0x00000007fd000000|100%| O|  |TAMS 0x00000007fce00000, 0x00000007fce00000| Untracked 
|1512|0x00000007fd000000, 0x00000007fd200000, 0x00000007fd200000|100%| O|  |TAMS 0x00000007fd000000, 0x00000007fd000000| Untracked 
|1513|0x00000007fd200000, 0x00000007fd400000, 0x00000007fd400000|100%| O|  |TAMS 0x00000007fd200000, 0x00000007fd200000| Untracked 
|1514|0x00000007fd400000, 0x00000007fd600000, 0x00000007fd600000|100%| O|  |TAMS 0x00000007fd400000, 0x00000007fd400000| Untracked 
|1515|0x00000007fd600000, 0x00000007fd800000, 0x00000007fd800000|100%| O|  |TAMS 0x00000007fd600000, 0x00000007fd600000| Untracked 
|1516|0x00000007fd800000, 0x00000007fda00000, 0x00000007fda00000|100%| O|  |TAMS 0x00000007fd800000, 0x00000007fd800000| Untracked 
|1517|0x00000007fda00000, 0x00000007fdc00000, 0x00000007fdc00000|100%| O|  |TAMS 0x00000007fda00000, 0x00000007fda00000| Untracked 
|1518|0x00000007fdc00000, 0x00000007fde00000, 0x00000007fde00000|100%| O|  |TAMS 0x00000007fdc00000, 0x00000007fdc00000| Untracked 
|1519|0x00000007fde00000, 0x00000007fe000000, 0x00000007fe000000|100%| O|  |TAMS 0x00000007fde00000, 0x00000007fde00000| Untracked 
|1520|0x00000007fe000000, 0x00000007fe200000, 0x00000007fe200000|100%| O|  |TAMS 0x00000007fe000000, 0x00000007fe000000| Untracked 
|1521|0x00000007fe200000, 0x00000007fe400000, 0x00000007fe400000|100%| O|  |TAMS 0x00000007fe200000, 0x00000007fe200000| Untracked 
|1522|0x00000007fe400000, 0x00000007fe600000, 0x00000007fe600000|100%| O|  |TAMS 0x00000007fe400000, 0x00000007fe400000| Untracked 
|1523|0x00000007fe600000, 0x00000007fe800000, 0x00000007fe800000|100%| O|  |TAMS 0x00000007fe600000, 0x00000007fe600000| Untracked 
|1524|0x00000007fe800000, 0x00000007fea00000, 0x00000007fea00000|100%| O|  |TAMS 0x00000007fe800000, 0x00000007fe800000| Untracked 
|1525|0x00000007fea00000, 0x00000007fec00000, 0x00000007fec00000|100%| O|  |TAMS 0x00000007fea00000, 0x00000007fea00000| Untracked 
|1526|0x00000007fec00000, 0x00000007fee00000, 0x00000007fee00000|100%| O|  |TAMS 0x00000007fec00000, 0x00000007fec00000| Untracked 
|1527|0x00000007fee00000, 0x00000007ff000000, 0x00000007ff000000|100%| O|  |TAMS 0x00000007fee00000, 0x00000007fee00000| Untracked 
|1528|0x00000007ff000000, 0x00000007ff200000, 0x00000007ff200000|100%| O|  |TAMS 0x00000007ff000000, 0x00000007ff000000| Untracked 
|1529|0x00000007ff200000, 0x00000007ff400000, 0x00000007ff400000|100%| O|  |TAMS 0x00000007ff200000, 0x00000007ff200000| Untracked 
|1530|0x00000007ff400000, 0x00000007ff600000, 0x00000007ff600000|100%| O|  |TAMS 0x00000007ff400000, 0x00000007ff400000| Untracked 
|1531|0x00000007ff600000, 0x00000007ff800000, 0x00000007ff800000|100%| O|  |TAMS 0x00000007ff600000, 0x00000007ff600000| Untracked 
|1532|0x00000007ff800000, 0x00000007ffa00000, 0x00000007ffa00000|100%| O|  |TAMS 0x00000007ff800000, 0x00000007ff800000| Untracked 
|1533|0x00000007ffa00000, 0x00000007ffc00000, 0x00000007ffc00000|100%| O|  |TAMS 0x00000007ffa00000, 0x00000007ffa00000| Untracked 
|1534|0x00000007ffc00000, 0x00000007ffe00000, 0x00000007ffe00000|100%| O|  |TAMS 0x00000007ffc00000, 0x00000007ffc00000| Untracked 
|1535|0x00000007ffe00000, 0x0000000800000000, 0x0000000800000000|100%| O|  |TAMS 0x00000007ffe00000, 0x00000007ffe00000| Untracked 

Card table byte_map: [0x000001777e860000,0x000001777ee60000] _byte_map_base: 0x000001777ae60000

Marking Bits (Prev, Next): (CMBitMap*) 0x00000177766e9d40, (CMBitMap*) 0x00000177766e9d80
 Prev Bits: [0x000001770f000000, 0x0000017712000000)
 Next Bits: [0x0000017712000000, 0x0000017715000000)

Polling page: 0x0000017774540000

Metaspace:

Usage:
  Non-class:     53.76 MB used.
      Class:      8.59 MB used.
       Both:     62.35 MB used.

Virtual space:
  Non-class space:       64.00 MB reserved,      54.56 MB ( 85%) committed,  1 nodes.
      Class space:        1.00 GB reserved,       9.50 MB ( <1%) committed,  1 nodes.
             Both:        1.06 GB reserved,      64.06 MB (  6%) committed. 

Chunk freelists:
   Non-Class:  1.27 MB
       Class:  2.48 MB
        Both:  3.75 MB

MaxMetaspaceSize: unlimited
CompressedClassSpaceSize: 1.00 GB
Initial GC threshold: 21.00 MB
Current GC threshold: 71.19 MB
CDS: on
MetaspaceReclaimPolicy: balanced
 - commit_granule_bytes: 65536.
 - commit_granule_words: 8192.
 - virtual_space_node_default_size: 8388608.
 - enlarge_chunks_in_place: 1.
 - new_chunks_are_fully_committed: 0.
 - uncommit_free_chunks: 1.
 - use_allocation_guard: 0.


Internal statistics:

num_allocs_failed_limit: 6.
num_arena_births: 3118.
num_arena_deaths: 0.
num_vsnodes_births: 2.
num_vsnodes_deaths: 0.
num_space_committed: 1025.
num_space_uncommitted: 0.
num_chunks_returned_to_freelist: 6.
num_chunks_taken_from_freelist: 5889.
num_chunk_merges: 6.
num_chunk_splits: 3750.
num_chunks_enlarged: 2232.
num_inconsistent_stats: 0.

CodeHeap 'non-profiled nmethods': size=120000Kb used=4467Kb max_used=4467Kb free=115532Kb
 bounds [0x0000017707ad0000, 0x0000017707f30000, 0x000001770f000000]
CodeHeap 'profiled nmethods': size=120000Kb used=16972Kb max_used=16972Kb free=103027Kb
 bounds [0x00000177005a0000, 0x0000017701640000, 0x0000017707ad0000]
CodeHeap 'non-nmethods': size=5760Kb used=2390Kb max_used=2466Kb free=3369Kb
 bounds [0x0000017700000000, 0x0000017700280000, 0x00000177005a0000]
 total_blobs=9057 nmethods=8147 adapters=822
 compilation: enabled
              stopped_count=0, restarted_count=0
 full_count=0

Compilation events (20 events):
Event: 64.732 Thread 0x000001777f8b3a00 9059       3       net.minecraftforge.srgutils.MappingFile$$Lambda$1273/0x00000008015815b0::accept (16 bytes)
Event: 64.732 Thread 0x000001777f8b3a00 nmethod 9059 0x000001770162e610 code [0x000001770162e7c0, 0x000001770162ea08]
Event: 64.732 Thread 0x000001777f8b3a00 9060       3       net.minecraftforge.srgutils.MappingFile$1::rename (56 bytes)
Event: 64.733 Thread 0x000001777f8b3a00 nmethod 9060 0x000001770162eb10 code [0x000001770162ed20, 0x000001770162f608]
Event: 64.733 Thread 0x000001777f8b3a00 9062       3       net.minecraftforge.srgutils.MappingFile::lambda$null$23 (46 bytes)
Event: 64.734 Thread 0x000001777f8b3a00 nmethod 9062 0x000001770162f990 code [0x000001770162fbe0, 0x0000017701630648]
Event: 64.734 Thread 0x000001777f8b3a00 9063       3       net.minecraftforge.srgutils.MappingFile$Cls::remapMethod (44 bytes)
Event: 64.734 Thread 0x000001777f8b3a00 nmethod 9063 0x0000017701630990 code [0x0000017701630bc0, 0x00000177016313d8]
Event: 64.742 Thread 0x000001777f8b3a00 9064       3       net.minecraftforge.srgutils.MappingFile$$Lambda$1272/0x0000000801581390::accept (16 bytes)
Event: 64.742 Thread 0x000001777f8b3a00 nmethod 9064 0x0000017701631690 code [0x0000017701631840, 0x0000017701631a88]
Event: 64.742 Thread 0x000001777f8b3a00 9065       3       net.minecraftforge.srgutils.MappingFile$1::rename (50 bytes)
Event: 64.742 Thread 0x000001777f8b3a00 nmethod 9065 0x0000017701631b90 code [0x0000017701631da0, 0x0000017701632858]
Event: 64.743 Thread 0x000001777f8b3a00 9066       3       net.minecraftforge.srgutils.MappingFile::lambda$null$21 (25 bytes)
Event: 64.743 Thread 0x000001777f8b3020 nmethod 9028 0x0000017707f28590 code [0x0000017707f28780, 0x0000017707f28ee8]
Event: 64.743 Thread 0x000001777f8b3020 9029       4       net.minecraftforge.srgutils.MappingFile::lambda$null$18 (42 bytes)
Event: 64.743 Thread 0x000001777f8b3a00 nmethod 9066 0x0000017701632b90 code [0x0000017701632d40, 0x0000017701633058]
Event: 64.757 Thread 0x000001777f8b3020 nmethod 9029 0x0000017707f29490 code [0x0000017707f29680, 0x0000017707f29da8]
Event: 64.776 Thread 0x000001777f8b3020 9067       4       net.minecraftforge.srgutils.MappingFile$$Lambda$1274/0x00000008015817d0::accept (16 bytes)
Event: 64.833 Thread 0x000001777f8b3020 nmethod 9067 0x0000017707f2a310 code [0x0000017707f2a600, 0x0000017707f2bd68]
Event: 64.833 Thread 0x000001777f8b3020 9070       4       net.minecraftforge.srgutils.MappingFile::addClass (23 bytes)

GC Heap History (20 events):
Event: 56.168 GC heap after
{Heap after GC invocations=29 (full 0):
 garbage-first heap   total 124928K, used 50391K [0x0000000740000000, 0x0000000800000000)
  region size 2048K, 2 young (4096K), 2 survivors (4096K)
 Metaspace       used 59824K, committed 61632K, reserved 1114112K
  class space    used 8223K, committed 9152K, reserved 1048576K
}
Event: 57.342 GC heap before
{Heap before GC invocations=29 (full 0):
 garbage-first heap   total 124928K, used 81111K [0x0000000740000000, 0x0000000800000000)
  region size 2048K, 9 young (18432K), 2 survivors (4096K)
 Metaspace       used 60150K, committed 61888K, reserved 1114112K
  class space    used 8243K, committed 9152K, reserved 1048576K
}
Event: 57.349 GC heap after
{Heap after GC invocations=30 (full 0):
 garbage-first heap   total 151552K, used 51224K [0x0000000740000000, 0x0000000800000000)
  region size 2048K, 2 young (4096K), 2 survivors (4096K)
 Metaspace       used 60150K, committed 61888K, reserved 1114112K
  class space    used 8243K, committed 9152K, reserved 1048576K
}
Event: 57.581 GC heap before
{Heap before GC invocations=30 (full 0):
 garbage-first heap   total 151552K, used 75800K [0x0000000740000000, 0x0000000800000000)
  region size 2048K, 5 young (10240K), 2 survivors (4096K)
 Metaspace       used 60166K, committed 61888K, reserved 1114112K
  class space    used 8243K, committed 9152K, reserved 1048576K
}
Event: 57.593 GC heap after
{Heap after GC invocations=31 (full 0):
 garbage-first heap   total 151552K, used 50927K [0x0000000740000000, 0x0000000800000000)
  region size 2048K, 2 young (4096K), 2 survivors (4096K)
 Metaspace       used 60166K, committed 61888K, reserved 1114112K
  class space    used 8243K, committed 9152K, reserved 1048576K
}
Event: 57.613 GC heap before
{Heap before GC invocations=31 (full 0):
 garbage-first heap   total 151552K, used 52975K [0x0000000740000000, 0x0000000800000000)
  region size 2048K, 3 young (6144K), 2 survivors (4096K)
 Metaspace       used 60166K, committed 61888K, reserved 1114112K
  class space    used 8243K, committed 9152K, reserved 1048576K
}
Event: 57.620 GC heap after
{Heap after GC invocations=32 (full 0):
 garbage-first heap   total 151552K, used 51109K [0x0000000740000000, 0x0000000800000000)
  region size 2048K, 2 young (4096K), 2 survivors (4096K)
 Metaspace       used 60166K, committed 61888K, reserved 1114112K
  class space    used 8243K, committed 9152K, reserved 1048576K
}
Event: 57.744 GC heap before
{Heap before GC invocations=32 (full 0):
 garbage-first heap   total 151552K, used 71589K [0x0000000740000000, 0x0000000800000000)
  region size 2048K, 3 young (6144K), 2 survivors (4096K)
 Metaspace       used 60166K, committed 61888K, reserved 1114112K
  class space    used 8243K, committed 9152K, reserved 1048576K
}
Event: 57.751 GC heap after
{Heap after GC invocations=33 (full 0):
 garbage-first heap   total 151552K, used 51122K [0x0000000740000000, 0x0000000800000000)
  region size 2048K, 2 young (4096K), 2 survivors (4096K)
 Metaspace       used 60166K, committed 61888K, reserved 1114112K
  class space    used 8243K, committed 9152K, reserved 1048576K
}
Event: 58.098 GC heap before
{Heap before GC invocations=33 (full 0):
 garbage-first heap   total 151552K, used 73650K [0x0000000740000000, 0x0000000800000000)
  region size 2048K, 5 young (10240K), 2 survivors (4096K)
 Metaspace       used 60472K, committed 62208K, reserved 1114112K
  class space    used 8286K, committed 9216K, reserved 1048576K
}
Event: 58.109 GC heap after
{Heap after GC invocations=34 (full 0):
 garbage-first heap   total 151552K, used 51288K [0x0000000740000000, 0x0000000800000000)
  region size 2048K, 2 young (4096K), 2 survivors (4096K)
 Metaspace       used 60472K, committed 62208K, reserved 1114112K
  class space    used 8286K, committed 9216K, reserved 1048576K
}
Event: 58.234 GC heap before
{Heap before GC invocations=34 (full 0):
 garbage-first heap   total 151552K, used 69720K [0x0000000740000000, 0x0000000800000000)
  region size 2048K, 3 young (6144K), 2 survivors (4096K)
 Metaspace       used 60472K, committed 62208K, reserved 1114112K
  class space    used 8286K, committed 9216K, reserved 1048576K
}
Event: 58.241 GC heap after
{Heap after GC invocations=35 (full 0):
 garbage-first heap   total 303104K, used 51513K [0x0000000740000000, 0x0000000800000000)
  region size 2048K, 2 young (4096K), 2 survivors (4096K)
 Metaspace       used 60472K, committed 62208K, reserved 1114112K
  class space    used 8286K, committed 9216K, reserved 1048576K
}
Event: 63.307 GC heap before
{Heap before GC invocations=35 (full 0):
 garbage-first heap   total 303104K, used 299321K [0x0000000740000000, 0x0000000800000000)
  region size 2048K, 88 young (180224K), 2 survivors (4096K)
 Metaspace       used 63795K, committed 65600K, reserved 1114112K
  class space    used 8787K, committed 9728K, reserved 1048576K
}
Event: 63.478 GC heap after
{Heap after GC invocations=36 (full 0):
 garbage-first heap   total 378880K, used 124319K [0x0000000740000000, 0x0000000800000000)
  region size 2048K, 11 young (22528K), 11 survivors (22528K)
 Metaspace       used 63795K, committed 65600K, reserved 1114112K
  class space    used 8787K, committed 9728K, reserved 1048576K
}
Event: 64.047 GC heap before
{Heap before GC invocations=36 (full 0):
 garbage-first heap   total 378880K, used 210335K [0x0000000740000000, 0x0000000800000000)
  region size 2048K, 53 young (108544K), 11 survivors (22528K)
 Metaspace       used 63821K, committed 65600K, reserved 1114112K
  class space    used 8790K, committed 9728K, reserved 1048576K
}
Event: 64.153 GC heap after
{Heap after GC invocations=37 (full 0):
 garbage-first heap   total 378880K, used 159744K [0x0000000740000000, 0x0000000800000000)
  region size 2048K, 7 young (14336K), 7 survivors (14336K)
 Metaspace       used 63821K, committed 65600K, reserved 1114112K
  class space    used 8790K, committed 9728K, reserved 1048576K
}
Event: 64.466 GC heap before
{Heap before GC invocations=37 (full 0):
 garbage-first heap   total 378880K, used 235520K [0x0000000740000000, 0x0000000800000000)
  region size 2048K, 44 young (90112K), 7 survivors (14336K)
 Metaspace       used 63844K, committed 65600K, reserved 1114112K
  class space    used 8793K, committed 9728K, reserved 1048576K
}
Event: 64.516 GC heap after
{Heap after GC invocations=38 (full 0):
 garbage-first heap   total 378880K, used 179200K [0x0000000740000000, 0x0000000800000000)
  region size 2048K, 6 young (12288K), 6 survivors (12288K)
 Metaspace       used 63844K, committed 65600K, reserved 1114112K
  class space    used 8793K, committed 9728K, reserved 1048576K
}
Event: 64.874 GC heap before
{Heap before GC invocations=38 (full 0):
 garbage-first heap   total 378880K, used 254976K [0x0000000740000000, 0x0000000800000000)
  region size 2048K, 43 young (88064K), 6 survivors (12288K)
 Metaspace       used 63844K, committed 65600K, reserved 1114112K
  class space    used 8793K, committed 9728K, reserved 1048576K
}

Deoptimization events (20 events):
Event: 63.720 Thread 0x000001771e2baa30 Uncommon trap: trap_request=0xffffffde fr.pc=0x0000017707eeb214 relative=0x0000000000000474
Event: 63.720 Thread 0x000001771e2baa30 Uncommon trap: reason=class_check action=maybe_recompile pc=0x0000017707eeb214 method=net.minecraftforge.srgutils.MappingFile$Node.<init>(Lnet/minecraftforge/srgutils/MappingFile;Ljava/lang/String;Ljava/lang/String;Ljava/util/Map;)V @ 22 c2
Event: 63.720 Thread 0x000001771e2baa30 DEOPT PACKING pc=0x0000017707eeb214 sp=0x0000003d175f9e70
Event: 63.720 Thread 0x000001771e2baa30 DEOPT UNPACKING pc=0x00000177000523a3 sp=0x0000003d175f9e28 mode 2
Event: 63.725 Thread 0x000001771e2baa30 Uncommon trap: trap_request=0xffffffde fr.pc=0x0000017707efed24 relative=0x0000000000001624
Event: 63.725 Thread 0x000001771e2baa30 Uncommon trap: reason=class_check action=maybe_recompile pc=0x0000017707efed24 method=net.minecraftforge.srgutils.MappingFile$Node.<init>(Lnet/minecraftforge/srgutils/MappingFile;Ljava/lang/String;Ljava/lang/String;Ljava/util/Map;)V @ 22 c2
Event: 63.725 Thread 0x000001771e2baa30 DEOPT PACKING pc=0x0000017707efed24 sp=0x0000003d175fa180
Event: 63.725 Thread 0x000001771e2baa30 DEOPT UNPACKING pc=0x00000177000523a3 sp=0x0000003d175fa070 mode 2
Event: 63.725 Thread 0x000001771e2baa30 Uncommon trap: trap_request=0xffffffde fr.pc=0x0000017707efa278 relative=0x0000000000000d58
Event: 63.725 Thread 0x000001771e2baa30 Uncommon trap: reason=class_check action=maybe_recompile pc=0x0000017707efa278 method=net.minecraftforge.srgutils.MappingFile$Node.<init>(Lnet/minecraftforge/srgutils/MappingFile;Ljava/lang/String;Ljava/lang/String;Ljava/util/Map;)V @ 22 c2
Event: 63.725 Thread 0x000001771e2baa30 DEOPT PACKING pc=0x0000017707efa278 sp=0x0000003d175f9f70
Event: 63.725 Thread 0x000001771e2baa30 DEOPT UNPACKING pc=0x00000177000523a3 sp=0x0000003d175f9d90 mode 2
Event: 63.725 Thread 0x000001771e2baa30 Uncommon trap: trap_request=0xffffffde fr.pc=0x0000017707efc05c relative=0x000000000000063c
Event: 63.725 Thread 0x000001771e2baa30 Uncommon trap: reason=class_check action=maybe_recompile pc=0x0000017707efc05c method=net.minecraftforge.srgutils.MappingFile$Node.<init>(Lnet/minecraftforge/srgutils/MappingFile;Ljava/lang/String;Ljava/lang/String;Ljava/util/Map;)V @ 22 c2
Event: 63.725 Thread 0x000001771e2baa30 DEOPT PACKING pc=0x0000017707efc05c sp=0x0000003d175f9eb0
Event: 63.725 Thread 0x000001771e2baa30 DEOPT UNPACKING pc=0x00000177000523a3 sp=0x0000003d175f9d70 mode 2
Event: 63.725 Thread 0x000001771e2baa30 Uncommon trap: trap_request=0xffffffde fr.pc=0x0000017707efcadc relative=0x000000000000063c
Event: 63.725 Thread 0x000001771e2baa30 Uncommon trap: reason=class_check action=maybe_recompile pc=0x0000017707efcadc method=net.minecraftforge.srgutils.MappingFile$Node.<init>(Lnet/minecraftforge/srgutils/MappingFile;Ljava/lang/String;Ljava/lang/String;Ljava/util/Map;)V @ 22 c2
Event: 63.725 Thread 0x000001771e2baa30 DEOPT PACKING pc=0x0000017707efcadc sp=0x0000003d175f9e40
Event: 63.725 Thread 0x000001771e2baa30 DEOPT UNPACKING pc=0x00000177000523a3 sp=0x0000003d175f9d88 mode 2

Classes loaded (20 events):
Event: 60.207 Loading class java/io/ObjectStreamClass$1
Event: 60.207 Loading class java/io/ObjectStreamClass$1 done
Event: 60.207 Loading class java/io/ObjectStreamClass$MemberSignature
Event: 60.208 Loading class java/io/ObjectStreamClass$MemberSignature done
Event: 60.208 Loading class java/io/ObjectStreamClass$3
Event: 60.208 Loading class java/io/ObjectStreamClass$3 done
Event: 60.208 Loading class java/io/ObjectStreamClass$4
Event: 60.208 Loading class java/io/ObjectStreamClass$4 done
Event: 60.208 Loading class java/io/ObjectStreamClass$5
Event: 60.208 Loading class java/io/ObjectStreamClass$5 done
Event: 60.209 Loading class java/io/ObjectStreamClass$ClassDataSlot
Event: 60.209 Loading class java/io/ObjectStreamClass$ClassDataSlot done
Event: 60.211 Loading class jdk/internal/reflect/MethodHandleLongFieldAccessorImpl
Event: 60.211 Loading class jdk/internal/reflect/MethodHandleLongFieldAccessorImpl done
Event: 60.214 Loading class java/io/SerialCallbackContext
Event: 60.215 Loading class java/io/SerialCallbackContext done
Event: 60.756 Loading class java/io/ObjectStreamClass$ExceptionInfo
Event: 60.756 Loading class java/io/ObjectStreamClass$ExceptionInfo done
Event: 60.929 Loading class java/io/BufferedReader$1
Event: 60.929 Loading class java/io/BufferedReader$1 done

Classes unloaded (0 events):
No events

Classes redefined (0 events):
No events

Internal exceptions (20 events):
Event: 60.017 Thread 0x000001771b6e6680 Exception <a 'java/lang/ClassNotFoundException'{0x00000007507dd1f8}: com/google/common/collect/ImmutableListCustomizer> (0x00000007507dd1f8) 
thrown [s\src\hotspot\share\classfile\systemDictionary.cpp, line 255]
Event: 60.021 Thread 0x000001771b6e6680 Exception <a 'java/lang/ClassNotFoundException'{0x000000075041abb0}: com/google/common/collect/RegularImmutableListCustomizer> (0x000000075041abb0) 
thrown [s\src\hotspot\share\classfile\systemDictionary.cpp, line 255]
Event: 60.106 Thread 0x000001771e2baa30 Exception <a 'java/lang/NoSuchMethodError'{0x0000000750250e10}: 'java.lang.Object java.lang.invoke.Invokers$Holder.linkToTargetMethod(java.lang.Object, java.lang.Object, java.lang.Object, int, java.lang.Object, java.lang.Object)'> (0x0000000750250e10) 
thrown [s\src\hotspot\share\interpreter\linkResolver.cpp, line 759]
Event: 60.208 Thread 0x000001771bd2e040 Exception <a 'java/lang/NoSuchMethodError'{0x000000075018c3b8}: static Lorg/gradle/internal/build/event/types/DefaultTaskStartedProgressEvent;.<clinit>()V> (0x000000075018c3b8) 
thrown [s\src\hotspot\share\prims\jni.cpp, line 1104]
Event: 60.209 Thread 0x000001771bd2e040 Exception <a 'java/lang/NoSuchMethodError'{0x000000075018dec8}: static Lorg/gradle/internal/build/event/types/AbstractProgressEvent;.<clinit>()V> (0x000000075018dec8) 
thrown [s\src\hotspot\share\prims\jni.cpp, line 1104]
Event: 60.210 Thread 0x000001771bd2e040 Exception <a 'java/lang/NoSuchMethodError'{0x000000075019a368}: static Lorg/gradle/internal/build/event/types/DefaultTaskDescriptor;.<clinit>()V> (0x000000075019a368) 
thrown [s\src\hotspot\share\prims\jni.cpp, line 1104]
Event: 60.212 Thread 0x000001771bd2e040 Exception <a 'java/lang/NoSuchMethodError'{0x000000075019fd88}: 'long java.lang.invoke.DirectMethodHandle$Holder.invokeSpecial(java.lang.Object, java.lang.Object)'> (0x000000075019fd88) 
thrown [s\src\hotspot\share\interpreter\linkResolver.cpp, line 759]
Event: 60.212 Thread 0x000001771bd2e040 Exception <a 'java/lang/NoSuchMethodError'{0x00000007501a4240}: 'long java.lang.invoke.Invokers$Holder.invokeExact_MT(java.lang.Object, java.lang.Object)'> (0x00000007501a4240) 
thrown [s\src\hotspot\share\interpreter\linkResolver.cpp, line 759]
Event: 60.217 Thread 0x000001771bd2e040 Exception <a 'java/lang/NoSuchMethodError'{0x00000007501d4508}: static Lorg/gradle/internal/operations/OperationIdentifier;.<clinit>()V> (0x00000007501d4508) 
thrown [s\src\hotspot\share\prims\jni.cpp, line 1104]
Event: 60.219 Thread 0x000001771bd2e040 Exception <a 'java/lang/NoSuchMethodError'{0x00000007501dfae0}: static Lorg/gradle/internal/build/event/types/DefaultBinaryPluginIdentifier;.<clinit>()V> (0x00000007501dfae0) 
thrown [s\src\hotspot\share\prims\jni.cpp, line 1104]
Event: 60.230 Thread 0x000001771e2baa30 Exception <a 'java/lang/IncompatibleClassChangeError'{0x0000000750141198}: Found class java.lang.Object, but interface was expected> (0x0000000750141198) 
thrown [s\src\hotspot\share\interpreter\linkResolver.cpp, line 826]
Event: 60.272 Thread 0x000001771e2baa30 Implicit null exception at 0x0000017707e7aee9 to 0x0000017707e7b25c
Event: 60.318 Thread 0x000001771e2baa30 Exception <a 'java/lang/IncompatibleClassChangeError'{0x000000074fefbc50}: Found class java.lang.Object, but interface was expected> (0x000000074fefbc50) 
thrown [s\src\hotspot\share\interpreter\linkResolver.cpp, line 826]
Event: 60.743 Thread 0x000001771bd2e040 Exception <a 'java/lang/NoSuchMethodError'{0x000000074fd53a08}: static Lorg/gradle/internal/build/event/types/DefaultTaskFinishedProgressEvent;.<clinit>()V> (0x000000074fd53a08) 
thrown [s\src\hotspot\share\prims\jni.cpp, line 1104]
Event: 60.749 Thread 0x000001771bd2e040 Exception <a 'java/lang/NoSuchMethodError'{0x000000074fde05e8}: static Lorg/gradle/internal/build/event/types/DefaultTaskSuccessResult;.<clinit>()V> (0x000000074fde05e8) 
thrown [s\src\hotspot\share\prims\jni.cpp, line 1104]
Event: 60.751 Thread 0x000001771bd2e040 Exception <a 'java/lang/NoSuchMethodError'{0x000000074fde1ce0}: static Lorg/gradle/internal/build/event/types/AbstractTaskResult;.<clinit>()V> (0x000000074fde1ce0) 
thrown [s\src\hotspot\share\prims\jni.cpp, line 1104]
Event: 60.752 Thread 0x000001771bd2e040 Exception <a 'java/lang/NoSuchMethodError'{0x000000074fde36a0}: static Lorg/gradle/internal/build/event/types/AbstractResult;.<clinit>()V> (0x000000074fde36a0) 
thrown [s\src\hotspot\share\prims\jni.cpp, line 1104]
Event: 60.756 Thread 0x000001771bd2e040 Exception <a 'java/lang/NoSuchMethodError'{0x000000074fa08c40}: static [Ljava/lang/Object;.<clinit>()V> (0x000000074fa08c40) 
thrown [s\src\hotspot\share\prims\jni.cpp, line 1104]
Event: 60.835 Thread 0x000001771e2baa30 Exception <a 'java/lang/NoSuchMethodError'{0x000000074fb02860}: 'int java.lang.invoke.DirectMethodHandle$Holder.invokeStaticInit(java.lang.Object, java.lang.Object, java.lang.Object, java.lang.Object, java.lang.Object)'> (0x000000074fb02860) 
thrown [s\src\hotspot\share\interpreter\linkResolver.cpp, line 759]
Event: 62.593 Thread 0x000001771e2baa30 Exception <a 'java/lang/NoSuchMethodError'{0x0000000748daeaf0}: 'void java.lang.invoke.DirectMethodHandle$Holder.invokeStatic(java.lang.Object, java.lang.Object, int, int, java.lang.Object)'> (0x0000000748daeaf0) 
thrown [s\src\hotspot\share\interpreter\linkResolver.cpp, line 759]

VM Operations (20 events):
Event: 60.089 Executing VM operation: ICBufferFull done
Event: 60.165 Executing VM operation: HandshakeAllThreads
Event: 60.166 Executing VM operation: HandshakeAllThreads done
Event: 60.168 Executing VM operation: HandshakeAllThreads
Event: 60.168 Executing VM operation: HandshakeAllThreads done
Event: 60.197 Executing VM operation: HandshakeAllThreads
Event: 60.197 Executing VM operation: HandshakeAllThreads done
Event: 60.502 Executing VM operation: HandshakeAllThreads
Event: 60.502 Executing VM operation: HandshakeAllThreads done
Event: 61.491 Executing VM operation: Cleanup
Event: 61.530 Executing VM operation: Cleanup done
Event: 62.536 Executing VM operation: Cleanup
Event: 62.537 Executing VM operation: Cleanup done
Event: 63.307 Executing VM operation: G1CollectForAllocation
Event: 63.481 Executing VM operation: G1CollectForAllocation done
Event: 64.047 Executing VM operation: G1CollectForAllocation
Event: 64.154 Executing VM operation: G1CollectForAllocation done
Event: 64.466 Executing VM operation: G1CollectForAllocation
Event: 64.516 Executing VM operation: G1CollectForAllocation done
Event: 64.874 Executing VM operation: G1CollectForAllocation

Events (20 events):
Event: 51.561 Thread 0x000001771e2be3f0 Thread added: 0x000001771e2be3f0
Event: 51.698 Thread 0x000001771e2bcbe0 Thread added: 0x000001771e2bcbe0
Event: 51.873 Thread 0x000001771e2bd580 Thread added: 0x000001771e2bd580
Event: 51.873 Thread 0x000001771e2b7540 Thread added: 0x000001771e2b7540
Event: 55.245 Thread 0x000001771c1ba100 Thread exited: 0x000001771c1ba100
Event: 55.827 Thread 0x000001771e2bda50 Thread added: 0x000001771e2bda50
Event: 55.827 Thread 0x000001771e2ba090 Thread added: 0x000001771e2ba090
Event: 55.827 Thread 0x000001771e2b8d50 Thread added: 0x000001771e2b8d50
Event: 55.827 Thread 0x000001771e2b96f0 Thread added: 0x000001771e2b96f0
Event: 55.827 Thread 0x000001771e2b7a10 Thread added: 0x000001771e2b7a10
Event: 55.828 Thread 0x000001771e2bd0b0 Thread added: 0x000001771e2bd0b0
Event: 55.828 Thread 0x000001771e2b9bc0 Thread added: 0x000001771e2b9bc0
Event: 57.106 Thread 0x000001777675b700 flushing nmethod 0x0000017700681c10
Event: 57.303 Thread 0x000001771e2ba560 Thread added: 0x000001771e2ba560
Event: 57.303 Thread 0x000001771e2bc240 Thread added: 0x000001771e2bc240
Event: 60.063 Thread 0x000001771e2baa30 Thread added: 0x000001771e2baa30
Event: 60.074 Thread 0x000001771e2b8880 Thread added: 0x000001771e2b8880
Event: 60.074 Thread 0x000001771e2bb3d0 Thread added: 0x000001771e2bb3d0
Event: 60.074 Thread 0x000001771e2bbd70 Thread added: 0x000001771e2bbd70
Event: 60.125 Thread 0x000001771e2b83b0 Thread added: 0x000001771e2b83b0


Dynamic libraries:
0x00007ff6a9d70000 - 0x00007ff6a9d7d000 	C:\Users\fixdo\.jdks\corretto-18.0.2\bin\java.exe
0x00007ff83a920000 - 0x00007ff83ab29000 	C:\WINDOWS\SYSTEM32\ntdll.dll
0x00007ff839e80000 - 0x00007ff839f3e000 	C:\WINDOWS\System32\KERNEL32.DLL
0x00007ff8380d0000 - 0x00007ff838454000 	C:\WINDOWS\System32\KERNELBASE.dll
0x00007ff837ea0000 - 0x00007ff837fb1000 	C:\WINDOWS\System32\ucrtbase.dll
0x00007ff833130000 - 0x00007ff833147000 	C:\Users\fixdo\.jdks\corretto-18.0.2\bin\jli.dll
0x00007ff839c50000 - 0x00007ff839dfd000 	C:\WINDOWS\System32\USER32.dll
0x00007ff837e70000 - 0x00007ff837e96000 	C:\WINDOWS\System32\win32u.dll
0x00007ff838770000 - 0x00007ff83879a000 	C:\WINDOWS\System32\GDI32.dll
0x00007ff8385d0000 - 0x00007ff8386ef000 	C:\WINDOWS\System32\gdi32full.dll
0x00007ff838030000 - 0x00007ff8380cd000 	C:\WINDOWS\System32\msvcp_win.dll
0x00007ff825cc0000 - 0x00007ff825cd5000 	C:\Users\fixdo\.jdks\corretto-18.0.2\bin\VCRUNTIME140.dll
0x00007ff822d00000 - 0x00007ff822fa5000 	C:\WINDOWS\WinSxS\amd64_microsoft.windows.common-controls_6595b64144ccf1df_6.0.22000.120_none_9d947278b86cc467\COMCTL32.dll
0x00007ff839a10000 - 0x00007ff839ab3000 	C:\WINDOWS\System32\msvcrt.dll
0x00007ff8399d0000 - 0x00007ff839a01000 	C:\WINDOWS\System32\IMM32.DLL
0x00007ff824b80000 - 0x00007ff824c1b000 	C:\Users\fixdo\.jdks\corretto-18.0.2\bin\msvcp140.dll
0x00007ffffbd90000 - 0x00007ffffca01000 	C:\Users\fixdo\.jdks\corretto-18.0.2\bin\server\jvm.dll
0x00007ff83a1d0000 - 0x00007ff83a27f000 	C:\WINDOWS\System32\ADVAPI32.dll
0x00007ff839930000 - 0x00007ff8399ce000 	C:\WINDOWS\System32\sechost.dll
0x00007ff838b30000 - 0x00007ff838c51000 	C:\WINDOWS\System32\RPCRT4.dll
0x00007ff839ad0000 - 0x00007ff839ad8000 	C:\WINDOWS\System32\PSAPI.DLL
0x00007ff81b3c0000 - 0x00007ff81b3c9000 	C:\WINDOWS\SYSTEM32\WSOCK32.dll
0x00007ff838ac0000 - 0x00007ff838b2f000 	C:\WINDOWS\System32\WS2_32.dll
0x00007ff830460000 - 0x00007ff830493000 	C:\WINDOWS\SYSTEM32\WINMM.dll
0x00007ff82fcd0000 - 0x00007ff82fcda000 	C:\WINDOWS\SYSTEM32\VERSION.dll
0x00007ff836e10000 - 0x00007ff836e28000 	C:\WINDOWS\SYSTEM32\kernel.appcore.dll
0x00007ff835260000 - 0x00007ff83526a000 	C:\Users\fixdo\.jdks\corretto-18.0.2\bin\jimage.dll
0x00007ff830110000 - 0x00007ff830331000 	C:\WINDOWS\SYSTEM32\DBGHELP.DLL
0x00007ff817fd0000 - 0x00007ff818001000 	C:\WINDOWS\SYSTEM32\dbgcore.DLL
0x00007ff8386f0000 - 0x00007ff83876f000 	C:\WINDOWS\System32\bcryptPrimitives.dll
0x00007ff825190000 - 0x00007ff8251b5000 	C:\Users\fixdo\.jdks\corretto-18.0.2\bin\java.dll
0x00007ff824aa0000 - 0x00007ff824b76000 	C:\Users\fixdo\.jdks\corretto-18.0.2\bin\jsvml.dll
0x00007ff838c60000 - 0x00007ff839425000 	C:\WINDOWS\System32\SHELL32.dll
0x00007ff835e40000 - 0x00007ff8366a4000 	C:\WINDOWS\SYSTEM32\windows.storage.dll
0x00007ff83a3a0000 - 0x00007ff83a716000 	C:\WINDOWS\System32\combase.dll
0x00007ff835cd0000 - 0x00007ff835e37000 	C:\WINDOWS\SYSTEM32\wintypes.dll
0x00007ff839b60000 - 0x00007ff839c4a000 	C:\WINDOWS\System32\SHCORE.dll
0x00007ff839e00000 - 0x00007ff839e5d000 	C:\WINDOWS\System32\shlwapi.dll
0x00007ff837ce0000 - 0x00007ff837d05000 	C:\WINDOWS\SYSTEM32\profapi.dll
0x00007ff825170000 - 0x00007ff825183000 	C:\Users\fixdo\.jdks\corretto-18.0.2\bin\net.dll
0x00007ff830c10000 - 0x00007ff830d23000 	C:\WINDOWS\SYSTEM32\WINHTTP.dll
0x00007ff837360000 - 0x00007ff8373c7000 	C:\WINDOWS\system32\mswsock.dll
0x00007ff824790000 - 0x00007ff8247a5000 	C:\Users\fixdo\.jdks\corretto-18.0.2\bin\nio.dll
0x00007ff824770000 - 0x00007ff824788000 	C:\Users\fixdo\.jdks\corretto-18.0.2\bin\zip.dll
0x00007ff833710000 - 0x00007ff833720000 	C:\Users\fixdo\.jdks\corretto-18.0.2\bin\verify.dll
0x00007ff81ec20000 - 0x00007ff81ec47000 	C:\Users\fixdo\.gradle\native\e1d6ef7f7dcc3fd88c89a11ec53ec762bb8ba0a96d01ffa2cd45eb1d1d8dd5c5\windows-amd64\native-platform.dll
0x00007ff823be0000 - 0x00007ff823d24000 	C:\Users\fixdo\.gradle\native\0d407fdbe67a94daf76414ababcb853783967236a71b16ec16e742cd7a986fd3\windows-amd64\native-platform-file-events.dll
0x00007ff833220000 - 0x00007ff833229000 	C:\Users\fixdo\.jdks\corretto-18.0.2\bin\management.dll
0x00007ff833120000 - 0x00007ff83312b000 	C:\Users\fixdo\.jdks\corretto-18.0.2\bin\management_ext.dll
0x00007ff837600000 - 0x00007ff837618000 	C:\WINDOWS\SYSTEM32\CRYPTSP.dll
0x00007ff836d50000 - 0x00007ff836d85000 	C:\WINDOWS\system32\rsaenh.dll
0x00007ff8374b0000 - 0x00007ff8374dc000 	C:\WINDOWS\SYSTEM32\USERENV.dll
0x00007ff837780000 - 0x00007ff8377a7000 	C:\WINDOWS\SYSTEM32\bcrypt.dll
0x00007ff837620000 - 0x00007ff83762c000 	C:\WINDOWS\SYSTEM32\CRYPTBASE.dll
0x00007ff836990000 - 0x00007ff8369bd000 	C:\WINDOWS\SYSTEM32\IPHLPAPI.DLL
0x00007ff839ac0000 - 0x00007ff839ac9000 	C:\WINDOWS\System32\NSI.dll
0x00007ff831a90000 - 0x00007ff831aa9000 	C:\WINDOWS\SYSTEM32\dhcpcsvc6.DLL
0x00007ff831b00000 - 0x00007ff831b1e000 	C:\WINDOWS\SYSTEM32\dhcpcsvc.DLL
0x00007ff8369c0000 - 0x00007ff836aa7000 	C:\WINDOWS\SYSTEM32\DNSAPI.dll
0x00007ff830600000 - 0x00007ff83060e000 	C:\Users\fixdo\.jdks\corretto-18.0.2\bin\sunmscapi.dll
0x00007ff838460000 - 0x00007ff8385ca000 	C:\WINDOWS\System32\CRYPT32.dll
0x00007ff837750000 - 0x00007ff83777a000 	C:\WINDOWS\SYSTEM32\ncrypt.dll
0x00007ff837710000 - 0x00007ff837747000 	C:\WINDOWS\SYSTEM32\NTASN1.dll
0x00007ff82ab90000 - 0x00007ff82ab9a000 	C:\Windows\System32\rasadhlp.dll
0x00007ff82aba0000 - 0x00007ff82ac22000 	C:\WINDOWS\System32\fwpuclnt.dll
0x00007ff835270000 - 0x00007ff835302000 	C:\WINDOWS\system32\apphelp.dll

dbghelp: loaded successfully - version: 4.0.5 - missing functions: none
symbol engine: initialized successfully - sym options: 0x614 - pdb path: .;C:\Users\fixdo\.jdks\corretto-18.0.2\bin;C:\WINDOWS\SYSTEM32;C:\WINDOWS\WinSxS\amd64_microsoft.windows.common-controls_6595b64144ccf1df_6.0.22000.120_none_9d947278b86cc467;C:\Users\fixdo\.jdks\corretto-18.0.2\bin\server;C:\Users\fixdo\.gradle\native\e1d6ef7f7dcc3fd88c89a11ec53ec762bb8ba0a96d01ffa2cd45eb1d1d8dd5c5\windows-amd64;C:\Users\fixdo\.gradle\native\0d407fdbe67a94daf76414ababcb853783967236a71b16ec16e742cd7a986fd3\windows-amd64

VM Arguments:
jvm_args: --add-opens=java.base/java.util=ALL-UNNAMED --add-opens=java.base/java.lang=ALL-UNNAMED --add-opens=java.base/java.lang.invoke=ALL-UNNAMED --add-opens=java.base/java.util=ALL-UNNAMED --add-opens=java.prefs/java.util.prefs=ALL-UNNAMED --add-opens=java.prefs/java.util.prefs=ALL-UNNAMED --add-opens=java.base/java.nio.charset=ALL-UNNAMED --add-opens=java.base/java.net=ALL-UNNAMED --add-opens=java.base/java.util.concurrent.atomic=ALL-UNNAMED -Xmx3G -Dfile.encoding=windows-31j -Duser.country=JP -Duser.language=ja -Duser.variant 
java_command: org.gradle.launcher.daemon.bootstrap.GradleDaemon 7.5.1
java_class_path (initial): C:\Users\fixdo\.gradle\wrapper\dists\gradle-7.5.1-bin\7jzzequgds1hbszbhq3npc5ng\gradle-7.5.1\lib\gradle-launcher-7.5.1.jar
Launcher Type: SUN_STANDARD

[Global flags]
     intx CICompilerCount                          = 3                                         {product} {ergonomic}
     uint ConcGCThreads                            = 1                                         {product} {ergonomic}
     uint G1ConcRefinementThreads                  = 4                                         {product} {ergonomic}
   size_t G1HeapRegionSize                         = 2097152                                   {product} {ergonomic}
    uintx GCDrainStackTargetSize                   = 64                                        {product} {ergonomic}
   size_t InitialHeapSize                          = 67108864                                  {product} {ergonomic}
   size_t MarkStackSize                            = 4194304                                   {product} {ergonomic}
   size_t MaxHeapSize                              = 3221225472                                {product} {command line}
   size_t MaxNewSize                               = 1931476992                                {product} {ergonomic}
   size_t MinHeapDeltaBytes                        = 2097152                                   {product} {ergonomic}
   size_t MinHeapSize                              = 8388608                                   {product} {ergonomic}
    uintx NonNMethodCodeHeapSize                   = 5832780                                {pd product} {ergonomic}
    uintx NonProfiledCodeHeapSize                  = 122912730                              {pd product} {ergonomic}
    uintx ProfiledCodeHeapSize                     = 122912730                              {pd product} {ergonomic}
    uintx ReservedCodeCacheSize                    = 251658240                              {pd product} {ergonomic}
     bool SegmentedCodeCache                       = true                                      {product} {ergonomic}
   size_t SoftMaxHeapSize                          = 3221225472                             {manageable} {ergonomic}
     bool UseCompressedClassPointers               = true                           {product lp64_product} {ergonomic}
     bool UseCompressedOops                        = true                           {product lp64_product} {ergonomic}
     bool UseG1GC                                  = true                                      {product} {ergonomic}
     bool UseLargePagesIndividualAllocation        = false                                  {pd product} {ergonomic}

Logging:
Log output configuration:
 #0: stdout all=warning uptime,level,tags foldmultilines=false
 #1: stderr all=off uptime,level,tags foldmultilines=false

Environment Variables:
PATH=C:\Program Files (x86)\Common Files\Oracle\Java\javapath;C:\WINDOWS\system32;C:\WINDOWS;C:\WINDOWS\System32\Wbem;C:\WINDOWS\System32\WindowsPowerShell\v1.0\;C:\WINDOWS\System32\OpenSSH\;C:\Program Files\gradle-7.3.3\bin;C:\Program Files\dotnet\;C:\Program Files\Git\cmd;C:\Users\fixdo\AppData\Local\Programs\Python\Python311\Scripts\;C:\Users\fixdo\AppData\Local\Programs\Python\Python311\;C:\Users\fixdo\AppData\Local\Microsoft\WindowsApps;C:\Users\fixdo\.dotnet\tools;C:\Users\fixdo\AppData\Local\Programs\Microsoft VS Code\bin;C:\Users\fixdo\AppData\Local\Programs\Microsoft VS Code Insiders\bin
USERNAME=fixdo
OS=Windows_NT
PROCESSOR_IDENTIFIER=Intel64 Family 6 Model 142 Stepping 9, GenuineIntel



---------------  S Y S T E M  ---------------

OS:
 Windows 11 , 64 bit Build 22000 (10.0.22000.2124)
OS uptime: 7 days 14:42 hours
Hyper-V role detected

CPU: total 4 (initial active 4) (2 cores per cpu, 2 threads per core) family 6 model 142 stepping 9 microcode 0xec, cx8, cmov, fxsr, ht, mmx, 3dnowpref, sse, sse2, sse3, ssse3, sse4.1, sse4.2, popcnt, lzcnt, tsc, tscinvbit, avx, avx2, aes, erms, clmul, bmi1, bmi2, adx, fma, vzeroupper, clflush, clflushopt, hv

Memory: 4k page, system-wide physical 4017M (204M free)
TotalPageFile size 11332M (AvailPageFile size 177M)
current process WorkingSet (physical memory assigned to process): 582M, peak: 582M
current process commit charge ("private bytes"): 645M, peak: 1013M

vm_info: OpenJDK 64-Bit Server VM (18.0.2+9-FR) for windows-amd64 JRE (18.0.2+9-FR), built on Jul 15 2022 20:03:03 by "Administrator" with MS VC++ 15.9 (VS2017)

END.
