#
# There is insufficient memory for the Java Runtime Environment to continue.
# Native memory allocation (mmap) failed to map 195035136 bytes for G1 virtual space
# Possible reasons:
#   The system is out of physical RAM or swap space
#   The process is running with CompressedOops enabled, and the Java Heap may be blocking the growth of the native heap
# Possible solutions:
#   Reduce memory load on the system
#   Increase physical memory or swap space
#   Check if swap backing store is full
#   Decrease Java heap size (-Xmx/-Xms)
#   Decrease number of Java threads
#   Decrease Java thread stack sizes (-Xss)
#   Set larger code cache with -XX:ReservedCodeCacheSize=
#   JVM is running with Zero Based Compressed Oops mode in which the Java heap is
#     placed in the first 32GB address space. The Java Heap base address is the
#     maximum limit for the native heap growth. Please use -XX:HeapBaseMinAddress
#     to set the Java Heap base and to place the Java Heap above 32GB virtual address.
# This output file may be truncated or incomplete.
#
#  Out of Memory Error (os_windows.cpp:3530), pid=8732, tid=17108
#
# JRE version: OpenJDK Runtime Environment Corretto-18.0.2.9.1 (18.0.2+9) (build 18.0.2+9-FR)
# Java VM: OpenJDK 64-Bit Server VM Corretto-18.0.2.9.1 (18.0.2+9-FR, mixed mode, sharing, tiered, compressed oops, compressed class ptrs, g1 gc, windows-amd64)
# No core dump will be written. Minidumps are not enabled by default on client versions of Windows
#

---------------  S U M M A R Y ------------

Command Line: --add-opens=java.base/java.util=ALL-UNNAMED --add-opens=java.base/java.lang=ALL-UNNAMED --add-opens=java.base/java.lang.invoke=ALL-UNNAMED --add-opens=java.base/java.util=ALL-UNNAMED --add-opens=java.prefs/java.util.prefs=ALL-UNNAMED --add-opens=java.prefs/java.util.prefs=ALL-UNNAMED --add-opens=java.base/java.nio.charset=ALL-UNNAMED --add-opens=java.base/java.net=ALL-UNNAMED --add-opens=java.base/java.util.concurrent.atomic=ALL-UNNAMED -Xmx3G -Dfile.encoding=windows-31j -Duser.country=JP -Duser.language=ja -Duser.variant org.gradle.launcher.daemon.bootstrap.GradleDaemon 7.5.1

Host: Intel(R) Pentium(R) CPU GOLD 6500Y @ 1.10GHz, 4 cores, 3G,  Windows 11 , 64 bit Build 22000 (10.0.22000.2124)
Time: Fri May 17 02:10:17 2024  Windows 11 , 64 bit Build 22000 (10.0.22000.2124) elapsed time: 354.407090 seconds (0d 0h 5m 54s)

---------------  T H R E A D  ---------------

Current thread (0x000002a36818e340):  VMThread "VM Thread" [stack: 0x000000bdce700000,0x000000bdce800000] [id=17108]

Stack: [0x000000bdce700000,0x000000bdce800000]
Native frames: (J=compiled Java code, j=interpreted, Vv=VM code, C=native code)
V  [jvm.dll+0x685a2a]
V  [jvm.dll+0x82ae8d]
V  [jvm.dll+0x82c75e]
V  [jvm.dll+0x82ce03]
V  [jvm.dll+0x25ef4b]
V  [jvm.dll+0x6828ca]
V  [jvm.dll+0x67745a]
V  [jvm.dll+0x3243f9]
V  [jvm.dll+0x32ba86]
V  [jvm.dll+0x37e00a]
V  [jvm.dll+0x37e24f]
V  [jvm.dll+0x2fb50a]
V  [jvm.dll+0x2fb5b7]
V  [jvm.dll+0x33f162]
V  [jvm.dll+0x33d8f0]
V  [jvm.dll+0x2fad70]
V  [jvm.dll+0x33d1ed]
V  [jvm.dll+0x831b3b]
V  [jvm.dll+0x8328c8]
V  [jvm.dll+0x832e15]
V  [jvm.dll+0x833254]
V  [jvm.dll+0x833315]
V  [jvm.dll+0x7d9cba]
V  [jvm.dll+0x6848a5]
C  [ucrtbase.dll+0x26c0c]
C  [KERNEL32.DLL+0x155a0]
C  [ntdll.dll+0x485b]

VM_Operation (0x000000bdcfdf5918): G1TryInitiateConcMark, mode: safepoint, requested by thread 0x000002a30e3151e0


---------------  P R O C E S S  ---------------

Threads class SMR info:
_java_thread_list=0x000002a30f283b70, length=81, elements={
0x000002a3680dcdb0, 0x000002a368191100, 0x000002a368191aa0, 0x000002a3681ae6e0,
0x000002a30833df70, 0x000002a30833e910, 0x000002a30833f2b0, 0x000002a30833ff80,
0x000002a308341100, 0x000002a308381610, 0x000002a30c8695a0, 0x000002a30c869a60,
0x000002a30d1c14f0, 0x000002a30e2ad6b0, 0x000002a30d3e7760, 0x000002a30de96c50,
0x000002a30cc25020, 0x000002a30ddace10, 0x000002a30e3151e0, 0x000002a30e3169f0,
0x000002a30e316ec0, 0x000002a30e317390, 0x000002a30e315b80, 0x000002a30e314840,
0x000002a30e3139d0, 0x000002a30e314370, 0x000002a30e316520, 0x000002a30e314d10,
0x000002a30e3156b0, 0x000002a30e316050, 0x000002a30e4af6f0, 0x000002a30e4abd30,
0x000002a30e4b0560, 0x000002a30e4ae880, 0x000002a30e4afbc0, 0x000002a30e4b0090,
0x000002a30e4ac200, 0x000002a30e4ae3b0, 0x000002a30e4acba0, 0x000002a30e4aa050,
0x000002a30e4aa9f0, 0x000002a30e4aa520, 0x000002a30e4ab390, 0x000002a30e4ab860,
0x000002a30e4ad540, 0x000002a30e4ada10, 0x000002a30e4adee0, 0x000002a30f366060,
0x000002a30f36b230, 0x000002a30f368210, 0x000002a30f36ca40, 0x000002a30f36cf10,
0x000002a30f3686e0, 0x000002a30f36d3e0, 0x000002a30f368bb0, 0x000002a30f36d8b0,
0x000002a30f369080, 0x000002a30f366530, 0x000002a30f366a00, 0x000002a30f366ed0,
0x000002a30f3673a0, 0x000002a30f369a20, 0x000002a30f36ad60, 0x000002a30f367870,
0x000002a30f36a3c0, 0x000002a30f367d40, 0x000002a30f369550, 0x000002a30f369ef0,
0x000002a30f36a890, 0x000002a30f36b700, 0x000002a30f36bbd0, 0x000002a30f36c570,
0x000002a30e1c5f30, 0x000002a30e1ca760, 0x000002a30e1cac30, 0x000002a30e1c6400,
0x000002a30e1c7740, 0x000002a30e1c7c10, 0x000002a30e1c6da0, 0x000002a30e1cbf70,
0x000002a30e1c7270
}

Java Threads: ( => current thread )
  0x000002a3680dcdb0 JavaThread "main" [_thread_blocked, id=2508, stack(0x000000bdce100000,0x000000bdce200000)]
  0x000002a368191100 JavaThread "Reference Handler" daemon [_thread_blocked, id=2084, stack(0x000000bdce800000,0x000000bdce900000)]
  0x000002a368191aa0 JavaThread "Finalizer" daemon [_thread_blocked, id=3916, stack(0x000000bdce900000,0x000000bdcea00000)]
  0x000002a3681ae6e0 JavaThread "Signal Dispatcher" daemon [_thread_blocked, id=16124, stack(0x000000bdcea00000,0x000000bdceb00000)]
  0x000002a30833df70 JavaThread "Attach Listener" daemon [_thread_blocked, id=7788, stack(0x000000bdceb00000,0x000000bdcec00000)]
  0x000002a30833e910 JavaThread "Service Thread" daemon [_thread_blocked, id=14284, stack(0x000000bdcec00000,0x000000bdced00000)]
  0x000002a30833f2b0 JavaThread "Monitor Deflation Thread" daemon [_thread_blocked, id=2436, stack(0x000000bdced00000,0x000000bdcee00000)]
  0x000002a30833ff80 JavaThread "C2 CompilerThread0" daemon [_thread_blocked, id=6040, stack(0x000000bdcee00000,0x000000bdcef00000)]
  0x000002a308341100 JavaThread "C1 CompilerThread0" daemon [_thread_blocked, id=11564, stack(0x000000bdcef00000,0x000000bdcf000000)]
  0x000002a308381610 JavaThread "Sweeper thread" daemon [_thread_blocked, id=1388, stack(0x000000bdcf000000,0x000000bdcf100000)]
  0x000002a30c8695a0 JavaThread "Common-Cleaner" daemon [_thread_blocked, id=15652, stack(0x000000bdcf100000,0x000000bdcf200000)]
  0x000002a30c869a60 JavaThread "Notification Thread" daemon [_thread_blocked, id=16544, stack(0x000000bdcf200000,0x000000bdcf300000)]
  0x000002a30d1c14f0 JavaThread "Daemon health stats" [_thread_blocked, id=8484, stack(0x000000bdcf700000,0x000000bdcf800000)]
  0x000002a30e2ad6b0 JavaThread "Incoming local TCP Connector on port 60266" [_thread_in_native, id=16156, stack(0x000000bdcf800000,0x000000bdcf900000)]
  0x000002a30d3e7760 JavaThread "Daemon periodic checks" [_thread_blocked, id=4176, stack(0x000000bdcf900000,0x000000bdcfa00000)]
  0x000002a30de96c50 JavaThread "Daemon" [_thread_blocked, id=8364, stack(0x000000bdcfa00000,0x000000bdcfb00000)]
  0x000002a30cc25020 JavaThread "Handler for socket connection from /127.0.0.1:60266 to /127.0.0.1:60267" [_thread_in_native, id=14200, stack(0x000000bdcfb00000,0x000000bdcfc00000)]
  0x000002a30ddace10 JavaThread "Cancel handler" [_thread_blocked, id=9392, stack(0x000000bdcfc00000,0x000000bdcfd00000)]
  0x000002a30e3151e0 JavaThread "Daemon worker" [_thread_blocked, id=15688, stack(0x000000bdcfd00000,0x000000bdcfe00000)]
  0x000002a30e3169f0 JavaThread "Asynchronous log dispatcher for DefaultDaemonConnection: socket connection from /127.0.0.1:60266 to /127.0.0.1:60267" [_thread_blocked, id=14588, stack(0x000000bdcfe00000,0x000000bdcff00000)]
  0x000002a30e316ec0 JavaThread "Stdin handler" [_thread_blocked, id=6088, stack(0x000000bdcff00000,0x000000bdd0000000)]
  0x000002a30e317390 JavaThread "Daemon client event forwarder" [_thread_blocked, id=10864, stack(0x000000bdd0000000,0x000000bdd0100000)]
  0x000002a30e315b80 JavaThread "Cache worker for journal cache (C:\Users\fixdo\.gradle\caches\journal-1)" [_thread_blocked, id=10180, stack(0x000000bdd0200000,0x000000bdd0300000)]
  0x000002a30e314840 JavaThread "File lock request listener" [_thread_in_native, id=15924, stack(0x000000bdd0300000,0x000000bdd0400000)]
  0x000002a30e3139d0 JavaThread "File lock release action executor" [_thread_blocked, id=5764, stack(0x000000bdd0400000,0x000000bdd0500000)]
  0x000002a30e314370 JavaThread "Cache worker for file hash cache (C:\Users\fixdo\.gradle\caches\7.5.1\fileHashes)" [_thread_blocked, id=1384, stack(0x000000bdd0500000,0x000000bdd0600000)]
  0x000002a30e316520 JavaThread "File watcher server" daemon [_thread_in_native, id=1784, stack(0x000000bdd0600000,0x000000bdd0700000)]
  0x000002a30e314d10 JavaThread "File watcher consumer" daemon [_thread_blocked, id=9000, stack(0x000000bdd0700000,0x000000bdd0800000)]
  0x000002a30e3156b0 JavaThread "Cache worker for checksums cache (C:\Users\fixdo\OneDrive\デスクトップ\MekanismRadioactive-v2.0\.gradle\7.5.1\checksums)" [_thread_blocked, id=3596, stack(0x000000bdd0800000,0x000000bdd0900000)]
  0x000002a30e316050 JavaThread "Cache worker for cache directory md-rule (C:\Users\fixdo\.gradle\caches\7.5.1\md-rule)" [_thread_blocked, id=7088, stack(0x000000bdd0900000,0x000000bdd0a00000)]
  0x000002a30e4af6f0 JavaThread "Cache worker for file content cache (C:\Users\fixdo\.gradle\caches\7.5.1\fileContent)" [_thread_blocked, id=9780, stack(0x000000bdd0a00000,0x000000bdd0b00000)]
  0x000002a30e4abd30 JavaThread "Cache worker for file hash cache (C:\Users\fixdo\OneDrive\デスクトップ\MekanismRadioactive-v2.0\.gradle\7.5.1\fileHashes)" [_thread_blocked, id=8760, stack(0x000000bdd0b00000,0x000000bdd0c00000)]
  0x000002a30e4b0560 JavaThread "Cache worker for cache directory md-supplier (C:\Users\fixdo\.gradle\caches\7.5.1\md-supplier)" [_thread_blocked, id=11336, stack(0x000000bdd0c00000,0x000000bdd0d00000)]
  0x000002a30e4ae880 JavaThread "Cache worker for execution history cache (C:\Users\fixdo\.gradle\caches\7.5.1\executionHistory)" [_thread_blocked, id=2000, stack(0x000000bdd0d00000,0x000000bdd0e00000)]
  0x000002a30e4afbc0 JavaThread "jar transforms" [_thread_blocked, id=5304, stack(0x000000bdd0e00000,0x000000bdd0f00000)]
  0x000002a30e4b0090 JavaThread "jar transforms Thread 2" [_thread_blocked, id=12236, stack(0x000000bdd0f00000,0x000000bdd1000000)]
  0x000002a30e4ac200 JavaThread "jar transforms Thread 3" [_thread_blocked, id=7072, stack(0x000000bdd1000000,0x000000bdd1100000)]
  0x000002a30e4ae3b0 JavaThread "jar transforms Thread 4" [_thread_blocked, id=14572, stack(0x000000bdd1100000,0x000000bdd1200000)]
  0x000002a30e4acba0 JavaThread "Cache worker for dependencies-accessors (C:\Users\fixdo\OneDrive\デスクトップ\MekanismRadioactive-v2.0\.gradle\7.5.1\dependencies-accessors)" [_thread_blocked, id=15744, stack(0x000000bdd1200000,0x000000bdd1300000)]
  0x000002a30e4aa050 JavaThread "Cache worker for Build Output Cleanup Cache (C:\Users\fixdo\OneDrive\デスクトップ\MekanismRadioactive-v2.0\.gradle\buildOutputCleanup)" [_thread_blocked, id=5808, stack(0x000000bdd1500000,0x000000bdd1600000)]
  0x000002a30e4aa9f0 JavaThread "Unconstrained build operations" [_thread_blocked, id=3416, stack(0x000000bdd1600000,0x000000bdd1700000)]
  0x000002a30e4aa520 JavaThread "Unconstrained build operations Thread 2" [_thread_blocked, id=7496, stack(0x000000bdd1700000,0x000000bdd1800000)]
  0x000002a30e4ab390 JavaThread "Unconstrained build operations Thread 3" [_thread_blocked, id=9656, stack(0x000000bdd1800000,0x000000bdd1900000)]
  0x000002a30e4ab860 JavaThread "Unconstrained build operations Thread 4" [_thread_blocked, id=15976, stack(0x000000bdd1900000,0x000000bdd1a00000)]
  0x000002a30e4ad540 JavaThread "Unconstrained build operations Thread 5" [_thread_blocked, id=15640, stack(0x000000bdd1a00000,0x000000bdd1b00000)]
  0x000002a30e4ada10 JavaThread "Unconstrained build operations Thread 6" [_thread_blocked, id=16044, stack(0x000000bdd1b00000,0x000000bdd1c00000)]
  0x000002a30e4adee0 JavaThread "Unconstrained build operations Thread 7" [_thread_blocked, id=13360, stack(0x000000bdd1c00000,0x000000bdd1d00000)]
  0x000002a30f366060 JavaThread "Unconstrained build operations Thread 8" [_thread_blocked, id=12988, stack(0x000000bdd1d00000,0x000000bdd1e00000)]
  0x000002a30f36b230 JavaThread "Unconstrained build operations Thread 9" [_thread_blocked, id=10168, stack(0x000000bdd1e00000,0x000000bdd1f00000)]
  0x000002a30f368210 JavaThread "Unconstrained build operations Thread 10" [_thread_blocked, id=820, stack(0x000000bdd1f00000,0x000000bdd2000000)]
  0x000002a30f36ca40 JavaThread "Unconstrained build operations Thread 11" [_thread_blocked, id=7808, stack(0x000000bdd2000000,0x000000bdd2100000)]
  0x000002a30f36cf10 JavaThread "Unconstrained build operations Thread 12" [_thread_blocked, id=4884, stack(0x000000bdd2100000,0x000000bdd2200000)]
  0x000002a30f3686e0 JavaThread "Unconstrained build operations Thread 13" [_thread_blocked, id=7196, stack(0x000000bdd2200000,0x000000bdd2300000)]
  0x000002a30f36d3e0 JavaThread "Unconstrained build operations Thread 14" [_thread_blocked, id=5188, stack(0x000000bdd2300000,0x000000bdd2400000)]
  0x000002a30f368bb0 JavaThread "Unconstrained build operations Thread 15" [_thread_blocked, id=1236, stack(0x000000bdd2400000,0x000000bdd2500000)]
  0x000002a30f36d8b0 JavaThread "Unconstrained build operations Thread 16" [_thread_blocked, id=16260, stack(0x000000bdd2500000,0x000000bdd2600000)]
  0x000002a30f369080 JavaThread "Unconstrained build operations Thread 17" [_thread_blocked, id=14220, stack(0x000000bdd2600000,0x000000bdd2700000)]
  0x000002a30f366530 JavaThread "Unconstrained build operations Thread 18" [_thread_blocked, id=16956, stack(0x000000bdd2700000,0x000000bdd2800000)]
  0x000002a30f366a00 JavaThread "Unconstrained build operations Thread 19" [_thread_blocked, id=11284, stack(0x000000bdd2800000,0x000000bdd2900000)]
  0x000002a30f366ed0 JavaThread "Unconstrained build operations Thread 20" [_thread_blocked, id=2612, stack(0x000000bdd2900000,0x000000bdd2a00000)]
  0x000002a30f3673a0 JavaThread "Unconstrained build operations Thread 21" [_thread_blocked, id=6648, stack(0x000000bdd2a00000,0x000000bdd2b00000)]
  0x000002a30f369a20 JavaThread "Unconstrained build operations Thread 22" [_thread_blocked, id=6548, stack(0x000000bdd2b00000,0x000000bdd2c00000)]
  0x000002a30f36ad60 JavaThread "Unconstrained build operations Thread 23" [_thread_blocked, id=6452, stack(0x000000bdd2c00000,0x000000bdd2d00000)]
  0x000002a30f367870 JavaThread "Unconstrained build operations Thread 24" [_thread_blocked, id=15280, stack(0x000000bdd2d00000,0x000000bdd2e00000)]
  0x000002a30f36a3c0 JavaThread "Unconstrained build operations Thread 25" [_thread_blocked, id=15568, stack(0x000000bdd2e00000,0x000000bdd2f00000)]
  0x000002a30f367d40 JavaThread "Unconstrained build operations Thread 26" [_thread_blocked, id=1628, stack(0x000000bdd2f00000,0x000000bdd3000000)]
  0x000002a30f369550 JavaThread "Unconstrained build operations Thread 27" [_thread_blocked, id=2744, stack(0x000000bdd3000000,0x000000bdd3100000)]
  0x000002a30f369ef0 JavaThread "Unconstrained build operations Thread 28" [_thread_blocked, id=3296, stack(0x000000bdd3100000,0x000000bdd3200000)]
  0x000002a30f36a890 JavaThread "Unconstrained build operations Thread 29" [_thread_blocked, id=9260, stack(0x000000bdd3200000,0x000000bdd3300000)]
  0x000002a30f36b700 JavaThread "Unconstrained build operations Thread 30" [_thread_blocked, id=13952, stack(0x000000bdd3300000,0x000000bdd3400000)]
  0x000002a30f36bbd0 JavaThread "Unconstrained build operations Thread 31" [_thread_blocked, id=13988, stack(0x000000bdd3400000,0x000000bdd3500000)]
  0x000002a30f36c570 JavaThread "Memory manager" [_thread_blocked, id=9316, stack(0x000000bdd3600000,0x000000bdd3700000)]
  0x000002a30e1c5f30 JavaThread "Unconstrained build operations Thread 32" [_thread_blocked, id=8504, stack(0x000000bdcde00000,0x000000bdcdf00000)]
  0x000002a30e1ca760 JavaThread "Unconstrained build operations Thread 33" [_thread_blocked, id=2100, stack(0x000000bdcdf00000,0x000000bdce000000)]
  0x000002a30e1cac30 JavaThread "Unconstrained build operations Thread 34" [_thread_blocked, id=2952, stack(0x000000bdce000000,0x000000bdce100000)]
  0x000002a30e1c6400 JavaThread "Unconstrained build operations Thread 35" [_thread_blocked, id=8616, stack(0x000000bdd3d00000,0x000000bdd3e00000)]
  0x000002a30e1c7740 JavaThread "Unconstrained build operations Thread 36" [_thread_blocked, id=15780, stack(0x000000bdd3e00000,0x000000bdd3f00000)]
  0x000002a30e1c7c10 JavaThread "Unconstrained build operations Thread 37" [_thread_blocked, id=17228, stack(0x000000bdd3f00000,0x000000bdd4000000)]
  0x000002a30e1c6da0 JavaThread "Unconstrained build operations Thread 38" [_thread_blocked, id=1740, stack(0x000000bdd4000000,0x000000bdd4100000)]
  0x000002a30e1cbf70 JavaThread "Unconstrained build operations Thread 39" [_thread_blocked, id=11636, stack(0x000000bdd1400000,0x000000bdd1500000)]
  0x000002a30e1c7270 JavaThread "Unconstrained build operations Thread 40" [_thread_blocked, id=4560, stack(0x000000bdd3700000,0x000000bdd3800000)]

Other Threads:
=>0x000002a36818e340 VMThread "VM Thread" [stack: 0x000000bdce700000,0x000000bdce800000] [id=17108]
  0x000002a30c86bf30 WatcherThread "VM Periodic Task Thread" [stack: 0x000000bdcf300000,0x000000bdcf400000] [id=6908]
  0x000002a3681397a0 WorkerThread "GC Thread#0" [stack: 0x000000bdce200000,0x000000bdce300000] [id=8588]
  0x000002a30c9dbc60 WorkerThread "GC Thread#1" [stack: 0x000000bdcf400000,0x000000bdcf500000] [id=13404]
  0x000002a30c8c16a0 WorkerThread "GC Thread#2" [stack: 0x000000bdcf500000,0x000000bdcf600000] [id=6900]
  0x000002a30d0dbf90 WorkerThread "GC Thread#3" [stack: 0x000000bdcf600000,0x000000bdcf700000] [id=15120]
  0x000002a3681466d0 ConcurrentGCThread "G1 Main Marker" [stack: 0x000000bdce300000,0x000000bdce400000] [id=6984]
  0x000002a368147220 WorkerThread "G1 Conc#0" [stack: 0x000000bdce400000,0x000000bdce500000] [id=7712]
  0x000002a368166820 ConcurrentGCThread "G1 Refine#0" [stack: 0x000000bdce500000,0x000000bdce600000] [id=9792]
  0x000002a30e30dc20 ConcurrentGCThread "G1 Refine#1" [stack: 0x000000bdd0100000,0x000000bdd0200000] [id=2868]
  0x000002a368167130 ConcurrentGCThread "G1 Service" [stack: 0x000000bdce600000,0x000000bdce700000] [id=9732]

Threads with active compile tasks:

VM state: at safepoint (normal execution)

VM Mutex/Monitor currently owned by a thread:  ([mutex/lock_event])
[0x000002a3680d9150] Threads_lock - owner thread: 0x000002a36818e340
[0x000002a3680d8e80] Heap_lock - owner thread: 0x000002a30e3151e0

Heap address: 0x0000000740000000, size: 3072 MB, Compressed Oops mode: Zero based, Oop shift amount: 3

CDS archive(s) mapped at: [0x0000000800000000-0x0000000800ba0000-0x0000000800ba0000), size 12189696, SharedBaseAddress: 0x0000000800000000, ArchiveRelocationMode: 0.
Compressed class space mapped at: 0x0000000800c00000-0x0000000840c00000, reserved size: 1073741824
Narrow klass base: 0x0000000800000000, Narrow klass shift: 0, Narrow klass range: 0x100000000

GC Precious Log:
 CardTable entry size: 512
 Card Set container configuration: InlinePtr #cards 4 size 8 Array Of Cards #cards 16 size 48 Howl #buckets 8 coarsen threshold 3686 Howl Bitmap #cards 512 size 80 coarsen threshold 460 Card regions per heap region 1 cards per card region 4096
 CPUs: 4 total, 4 available
 Memory: 4017M
 Large Page Support: Disabled
 NUMA Support: Disabled
 Compressed Oops: Enabled (Zero based)
 Heap Region Size: 2M
 Heap Min Capacity: 8M
 Heap Initial Capacity: 64M
 Heap Max Capacity: 3G
 Pre-touch: Disabled
 Parallel Workers: 4
 Concurrent Workers: 1
 Concurrent Refinement Workers: 4
 Periodic GC: Disabled

Heap:
 garbage-first heap   total 141312K, used 59567K [0x0000000740000000, 0x0000000800000000)
  region size 2048K, 2 young (4096K), 2 survivors (4096K)
 Metaspace       used 68410K, committed 70208K, reserved 1114112K
  class space    used 9240K, committed 10176K, reserved 1048576K

Heap Regions: E=young(eden), S=young(survivor), O=old, HS=humongous(starts), HC=humongous(continues), CS=collection set, F=free, OA=open archive, CA=closed archive, TAMS=top-at-mark-start (previous, next)
|   0|0x0000000740000000, 0x0000000740200000, 0x0000000740200000|100%|HS|  |TAMS 0x0000000740200000, 0x0000000740200000| Complete 
|   1|0x0000000740200000, 0x0000000740400000, 0x0000000740400000|100%|HC|  |TAMS 0x0000000740400000, 0x0000000740400000| Complete 
|   2|0x0000000740400000, 0x0000000740600000, 0x0000000740600000|100%| O|  |TAMS 0x0000000740600000, 0x0000000740600000| Untracked 
|   3|0x0000000740600000, 0x0000000740800000, 0x0000000740800000|100%| O|  |TAMS 0x0000000740800000, 0x0000000740800000| Untracked 
|   4|0x0000000740800000, 0x0000000740a00000, 0x0000000740a00000|100%| O|  |TAMS 0x0000000740a00000, 0x0000000740a00000| Untracked 
|   5|0x0000000740a00000, 0x0000000740c00000, 0x0000000740c00000|100%| O|  |TAMS 0x0000000740c00000, 0x0000000740c00000| Untracked 
|   6|0x0000000740c00000, 0x0000000740e00000, 0x0000000740e00000|100%| O|  |TAMS 0x0000000740e00000, 0x0000000740e00000| Untracked 
|   7|0x0000000740e00000, 0x0000000741000000, 0x0000000741000000|100%| O|  |TAMS 0x0000000741000000, 0x0000000741000000| Untracked 
|   8|0x0000000741000000, 0x0000000741200000, 0x0000000741200000|100%| O|  |TAMS 0x0000000741200000, 0x0000000741200000| Untracked 
|   9|0x0000000741200000, 0x0000000741400000, 0x0000000741400000|100%| O|  |TAMS 0x0000000741400000, 0x0000000741400000| Untracked 
|  10|0x0000000741400000, 0x0000000741600000, 0x0000000741600000|100%| O|  |TAMS 0x0000000741600000, 0x0000000741600000| Untracked 
|  11|0x0000000741600000, 0x0000000741800000, 0x0000000741800000|100%| O|  |TAMS 0x0000000741800000, 0x0000000741800000| Untracked 
|  12|0x0000000741800000, 0x0000000741a00000, 0x0000000741a00000|100%| O|  |TAMS 0x0000000741a00000, 0x0000000741a00000| Untracked 
|  13|0x0000000741a00000, 0x0000000741c00000, 0x0000000741c00000|100%| O|  |TAMS 0x0000000741c00000, 0x0000000741c00000| Untracked 
|  14|0x0000000741c00000, 0x0000000741e00000, 0x0000000741e00000|100%| O|  |TAMS 0x0000000741e00000, 0x0000000741e00000| Untracked 
|  15|0x0000000741e00000, 0x0000000742000000, 0x0000000742000000|100%| O|  |TAMS 0x0000000742000000, 0x0000000742000000| Untracked 
|  16|0x0000000742000000, 0x0000000742200000, 0x0000000742200000|100%| O|  |TAMS 0x0000000742200000, 0x0000000742200000| Untracked 
|  17|0x0000000742200000, 0x0000000742400000, 0x0000000742400000|100%|HS|  |TAMS 0x0000000742400000, 0x0000000742400000| Complete 
|  18|0x0000000742400000, 0x0000000742600000, 0x0000000742600000|100%| O|  |TAMS 0x0000000742600000, 0x0000000742600000| Untracked 
|  19|0x0000000742600000, 0x0000000742800000, 0x0000000742800000|100%| O|  |TAMS 0x0000000742800000, 0x0000000742800000| Untracked 
|  20|0x0000000742800000, 0x0000000742a00000, 0x0000000742a00000|100%| O|  |TAMS 0x0000000742a00000, 0x0000000742a00000| Untracked 
|  21|0x0000000742a00000, 0x0000000742c00000, 0x0000000742c00000|100%| O|  |TAMS 0x0000000742c00000, 0x0000000742c00000| Untracked 
|  22|0x0000000742c00000, 0x0000000742e00000, 0x0000000742e00000|100%| O|  |TAMS 0x0000000742e00000, 0x0000000742e00000| Untracked 
|  23|0x0000000742e00000, 0x0000000743000000, 0x0000000743000000|100%| O|  |TAMS 0x0000000743000000, 0x0000000743000000| Untracked 
|  24|0x0000000743000000, 0x0000000743200000, 0x0000000743200000|100%| O|  |TAMS 0x0000000743200000, 0x0000000743200000| Untracked 
|  25|0x0000000743200000, 0x0000000743400000, 0x0000000743400000|100%| O|  |TAMS 0x0000000743400000, 0x0000000743400000| Untracked 
|  26|0x0000000743400000, 0x0000000743600000, 0x0000000743600000|100%| O|  |TAMS 0x0000000743600000, 0x0000000743600000| Untracked 
|  27|0x0000000743600000, 0x00000007436b3a00, 0x0000000743800000| 35%| O|  |TAMS 0x00000007436b3a00, 0x00000007436b3a00| Untracked 
|  28|0x0000000743800000, 0x0000000743800000, 0x0000000743a00000|  0%| F|  |TAMS 0x0000000743800000, 0x0000000743800000| Untracked 
|  29|0x0000000743a00000, 0x0000000743a00000, 0x0000000743c00000|  0%| F|  |TAMS 0x0000000743a00000, 0x0000000743a00000| Untracked 
|  30|0x0000000743c00000, 0x0000000743c00000, 0x0000000743e00000|  0%| F|  |TAMS 0x0000000743c00000, 0x0000000743c00000| Untracked 
|  31|0x0000000743e00000, 0x0000000743e00000, 0x0000000744000000|  0%| F|  |TAMS 0x0000000743e00000, 0x0000000743e00000| Untracked 
|  32|0x0000000744000000, 0x0000000744000000, 0x0000000744200000|  0%| F|  |TAMS 0x0000000744000000, 0x0000000744000000| Untracked 
|  33|0x0000000744200000, 0x0000000744200000, 0x0000000744400000|  0%| F|  |TAMS 0x0000000744200000, 0x0000000744200000| Untracked 
|  34|0x0000000744400000, 0x0000000744400000, 0x0000000744600000|  0%| F|  |TAMS 0x0000000744400000, 0x0000000744400000| Untracked 
|  35|0x0000000744600000, 0x0000000744600000, 0x0000000744800000|  0%| F|  |TAMS 0x0000000744600000, 0x0000000744600000| Untracked 
|  36|0x0000000744800000, 0x0000000744800000, 0x0000000744a00000|  0%| F|  |TAMS 0x0000000744800000, 0x0000000744800000| Untracked 
|  37|0x0000000744a00000, 0x0000000744a00000, 0x0000000744c00000|  0%| F|  |TAMS 0x0000000744a00000, 0x0000000744a00000| Untracked 
|  38|0x0000000744c00000, 0x0000000744c00000, 0x0000000744e00000|  0%| F|  |TAMS 0x0000000744c00000, 0x0000000744c00000| Untracked 
|  39|0x0000000744e00000, 0x0000000744e00000, 0x0000000745000000|  0%| F|  |TAMS 0x0000000744e00000, 0x0000000744e00000| Untracked 
|  40|0x0000000745000000, 0x0000000745000000, 0x0000000745200000|  0%| F|  |TAMS 0x0000000745000000, 0x0000000745000000| Untracked 
|  41|0x0000000745200000, 0x0000000745200000, 0x0000000745400000|  0%| F|  |TAMS 0x0000000745200000, 0x0000000745200000| Untracked 
|  42|0x0000000745400000, 0x0000000745400000, 0x0000000745600000|  0%| F|  |TAMS 0x0000000745400000, 0x0000000745400000| Untracked 
|  43|0x0000000745600000, 0x0000000745600000, 0x0000000745800000|  0%| F|  |TAMS 0x0000000745600000, 0x0000000745600000| Untracked 
|  44|0x0000000745800000, 0x0000000745800000, 0x0000000745a00000|  0%| F|  |TAMS 0x0000000745800000, 0x0000000745800000| Untracked 
|  45|0x0000000745a00000, 0x0000000745a00000, 0x0000000745c00000|  0%| F|  |TAMS 0x0000000745a00000, 0x0000000745a00000| Untracked 
|  46|0x0000000745c00000, 0x0000000745c00000, 0x0000000745e00000|  0%| F|  |TAMS 0x0000000745c00000, 0x0000000745c00000| Untracked 
|  47|0x0000000745e00000, 0x0000000745e00000, 0x0000000746000000|  0%| F|  |TAMS 0x0000000745e00000, 0x0000000745e00000| Untracked 
|  48|0x0000000746000000, 0x0000000746000000, 0x0000000746200000|  0%| F|  |TAMS 0x0000000746000000, 0x0000000746000000| Untracked 
|  49|0x0000000746200000, 0x0000000746200000, 0x0000000746400000|  0%| F|  |TAMS 0x0000000746200000, 0x0000000746200000| Untracked 
|  50|0x0000000746400000, 0x0000000746400000, 0x0000000746600000|  0%| F|  |TAMS 0x0000000746400000, 0x0000000746400000| Untracked 
|  51|0x0000000746600000, 0x0000000746600000, 0x0000000746800000|  0%| F|  |TAMS 0x0000000746600000, 0x0000000746600000| Untracked 
|  52|0x0000000746800000, 0x0000000746800000, 0x0000000746a00000|  0%| F|  |TAMS 0x0000000746800000, 0x0000000746800000| Untracked 
|  53|0x0000000746a00000, 0x0000000746a00000, 0x0000000746c00000|  0%| F|  |TAMS 0x0000000746a00000, 0x0000000746a00000| Untracked 
|  54|0x0000000746c00000, 0x0000000746c00000, 0x0000000746e00000|  0%| F|  |TAMS 0x0000000746c00000, 0x0000000746c00000| Untracked 
|  55|0x0000000746e00000, 0x0000000746e00000, 0x0000000747000000|  0%| F|  |TAMS 0x0000000746e00000, 0x0000000746e00000| Untracked 
|  56|0x0000000747000000, 0x0000000747000000, 0x0000000747200000|  0%| F|  |TAMS 0x0000000747000000, 0x0000000747000000| Untracked 
|  57|0x0000000747200000, 0x0000000747200000, 0x0000000747400000|  0%| F|  |TAMS 0x0000000747200000, 0x0000000747200000| Untracked 
|  58|0x0000000747400000, 0x0000000747400000, 0x0000000747600000|  0%| F|  |TAMS 0x0000000747400000, 0x0000000747400000| Untracked 
|  59|0x0000000747600000, 0x0000000747600000, 0x0000000747800000|  0%| F|  |TAMS 0x0000000747600000, 0x0000000747600000| Untracked 
|  60|0x0000000747800000, 0x0000000747800000, 0x0000000747a00000|  0%| F|  |TAMS 0x0000000747800000, 0x0000000747800000| Untracked 
|  61|0x0000000747a00000, 0x0000000747a00000, 0x0000000747c00000|  0%| F|  |TAMS 0x0000000747a00000, 0x0000000747a00000| Untracked 
|  62|0x0000000747c00000, 0x0000000747c00000, 0x0000000747e00000|  0%| F|  |TAMS 0x0000000747c00000, 0x0000000747c00000| Untracked 
|  63|0x0000000747e00000, 0x0000000747e00000, 0x0000000748000000|  0%| F|  |TAMS 0x0000000747e00000, 0x0000000747e00000| Untracked 
|  64|0x0000000748000000, 0x0000000748000000, 0x0000000748200000|  0%| F|  |TAMS 0x0000000748000000, 0x0000000748000000| Untracked 
|  65|0x0000000748200000, 0x0000000748200000, 0x0000000748400000|  0%| F|  |TAMS 0x0000000748200000, 0x0000000748200000| Untracked 
|  66|0x0000000748400000, 0x00000007485782c0, 0x0000000748600000| 73%| S|CS|TAMS 0x0000000748400000, 0x0000000748400000| Complete 
|  67|0x0000000748600000, 0x0000000748800000, 0x0000000748800000|100%| S|CS|TAMS 0x0000000748600000, 0x0000000748600000| Complete 
|  68|0x0000000748800000, 0x0000000748800000, 0x0000000748a00000|  0%| F|  |TAMS 0x0000000748800000, 0x0000000748800000| Untracked 

Card table byte_map: [0x000002a37f2b0000,0x000002a37f8b0000] _byte_map_base: 0x000002a37b8b0000

Marking Bits (Prev, Next): (CMBitMap*) 0x000002a368139da0, (CMBitMap*) 0x000002a368139de0
 Prev Bits: [0x000002a300000000, 0x000002a303000000)
 Next Bits: [0x000002a303000000, 0x000002a306000000)

Polling page: 0x000002a3678b0000

Metaspace:

Usage:
  Non-class:     57.78 MB used.
      Class:      9.02 MB used.
       Both:     66.81 MB used.

Virtual space:
  Non-class space:       64.00 MB reserved,      58.63 MB ( 92%) committed,  1 nodes.
      Class space:        1.00 GB reserved,       9.94 MB ( <1%) committed,  1 nodes.
             Both:        1.06 GB reserved,      68.56 MB (  6%) committed. 

Chunk freelists:
   Non-Class:  1.09 MB
       Class:  2.00 MB
        Both:  3.09 MB

MaxMetaspaceSize: unlimited
CompressedClassSpaceSize: 1.00 GB
Initial GC threshold: 21.00 MB
Current GC threshold: 111.88 MB
CDS: on
MetaspaceReclaimPolicy: balanced
 - commit_granule_bytes: 65536.
 - commit_granule_words: 8192.
 - virtual_space_node_default_size: 8388608.
 - enlarge_chunks_in_place: 1.
 - new_chunks_are_fully_committed: 0.
 - uncommit_free_chunks: 1.
 - use_allocation_guard: 0.


Internal statistics:

num_allocs_failed_limit: 6.
num_arena_births: 3076.
num_arena_deaths: 2.
num_vsnodes_births: 2.
num_vsnodes_deaths: 0.
num_space_committed: 1097.
num_space_uncommitted: 0.
num_chunks_returned_to_freelist: 11.
num_chunks_taken_from_freelist: 5995.
num_chunk_merges: 7.
num_chunk_splits: 3809.
num_chunks_enlarged: 2323.
num_inconsistent_stats: 0.

CodeHeap 'non-profiled nmethods': size=120000Kb used=4892Kb max_used=4892Kb free=115107Kb
 bounds [0x000002a377780000, 0x000002a377c70000, 0x000002a37ecb0000]
CodeHeap 'profiled nmethods': size=120000Kb used=17885Kb max_used=18003Kb free=102114Kb
 bounds [0x000002a370250000, 0x000002a3713f0000, 0x000002a377780000]
CodeHeap 'non-nmethods': size=5760Kb used=2400Kb max_used=2476Kb free=3359Kb
 bounds [0x000002a36fcb0000, 0x000002a36ff40000, 0x000002a370250000]
 total_blobs=9702 nmethods=8780 adapters=834
 compilation: enabled
              stopped_count=0, restarted_count=0
 full_count=0

Compilation events (20 events):
Event: 354.145 Thread 0x000002a308341100 10482       3       org.gradle.api.internal.collections.AbstractIterationOrderRetainingElementSource::realizePending (54 bytes)
Event: 354.146 Thread 0x000002a308341100 nmethod 10482 0x000002a370351990 code [0x000002a370351b80, 0x000002a370352158]
Event: 354.154 Thread 0x000002a30833ff80 10483       4       java.net.URLStreamHandler::setURL (73 bytes)
Event: 354.164 Thread 0x000002a308341100 10485   !   3       com.google.gson.internal.LinkedTreeMap::findByObject (18 bytes)
Event: 354.164 Thread 0x000002a308341100 nmethod 10485 0x000002a370de5d10 code [0x000002a370de5ec0, 0x000002a370de60c8]
Event: 354.164 Thread 0x000002a308341100 10486       3       com.google.gson.stream.JsonReader::beginArray (82 bytes)
Event: 354.166 Thread 0x000002a308341100 nmethod 10486 0x000002a370350790 code [0x000002a370350a20, 0x000002a3703515c8]
Event: 354.166 Thread 0x000002a308341100 10487       3       com.google.gson.stream.JsonReader::endArray (90 bytes)
Event: 354.167 Thread 0x000002a308341100 nmethod 10487 0x000002a37034f590 code [0x000002a37034f820, 0x000002a3703503b8]
Event: 354.167 Thread 0x000002a308341100 10488       3       java.lang.invoke.LambdaForm$MH/0x00000008015ec800::invoke (63 bytes)
Event: 354.181 Thread 0x000002a308341100 nmethod 10488 0x000002a37034d990 code [0x000002a37034dc80, 0x000002a37034efa8]
Event: 354.181 Thread 0x000002a308341100 10489       3       java.lang.invoke.LambdaForm$MH/0x00000008015ecc00::invoke (45 bytes)
Event: 354.182 Thread 0x000002a308341100 nmethod 10489 0x000002a37034c990 code [0x000002a37034cbc0, 0x000002a37034d608]
Event: 354.182 Thread 0x000002a308341100 10490       3       java.lang.invoke.LambdaForm$MH/0x00000008015ed000::invoke (63 bytes)
Event: 354.184 Thread 0x000002a308341100 nmethod 10490 0x000002a37034ad90 code [0x000002a37034b080, 0x000002a37034c3a8]
Event: 354.197 Thread 0x000002a30833ff80 nmethod 10483 0x000002a377a0e490 code [0x000002a377a0e640, 0x000002a377a0f5f8]
Event: 354.197 Thread 0x000002a30833ff80 10484       4       com.google.gson.internal.bind.TypeAdapters$16::read (6 bytes)
Event: 354.206 Thread 0x000002a30833ff80 nmethod 10484 0x000002a377a0d390 code [0x000002a377a0d620, 0x000002a377a0dde0]
Event: 354.237 Thread 0x000002a308341100 10491       3       com.google.common.base.Preconditions::checkNotNull (14 bytes)
Event: 354.237 Thread 0x000002a308341100 nmethod 10491 0x000002a370de5890 code [0x000002a370de5a40, 0x000002a370de5c28]

GC Heap History (20 events):
Event: 73.889 GC heap after
{Heap after GC invocations=46 (full 0):
 garbage-first heap   total 120832K, used 58260K [0x0000000740000000, 0x0000000800000000)
  region size 2048K, 2 young (4096K), 2 survivors (4096K)
 Metaspace       used 66431K, committed 68224K, reserved 1114112K
  class space    used 9130K, committed 10048K, reserved 1048576K
}
Event: 97.458 GC heap before
{Heap before GC invocations=47 (full 0):
 garbage-first heap   total 120832K, used 82836K [0x0000000740000000, 0x0000000800000000)
  region size 2048K, 10 young (20480K), 2 survivors (4096K)
 Metaspace       used 66948K, committed 68672K, reserved 1114112K
  class space    used 9161K, committed 10048K, reserved 1048576K
}
Event: 97.469 GC heap after
{Heap after GC invocations=48 (full 0):
 garbage-first heap   total 120832K, used 58749K [0x0000000740000000, 0x0000000800000000)
  region size 2048K, 2 young (4096K), 2 survivors (4096K)
 Metaspace       used 66948K, committed 68672K, reserved 1114112K
  class space    used 9161K, committed 10048K, reserved 1048576K
}
Event: 98.814 GC heap before
{Heap before GC invocations=49 (full 0):
 garbage-first heap   total 120832K, used 66941K [0x0000000740000000, 0x0000000800000000)
  region size 2048K, 5 young (10240K), 2 survivors (4096K)
 Metaspace       used 67071K, committed 68800K, reserved 1114112K
  class space    used 9169K, committed 10048K, reserved 1048576K
}
Event: 98.824 GC heap after
{Heap after GC invocations=50 (full 0):
 garbage-first heap   total 120832K, used 58801K [0x0000000740000000, 0x0000000800000000)
  region size 2048K, 2 young (4096K), 2 survivors (4096K)
 Metaspace       used 67071K, committed 68800K, reserved 1114112K
  class space    used 9169K, committed 10048K, reserved 1048576K
}
Event: 341.262 GC heap before
{Heap before GC invocations=51 (full 0):
 garbage-first heap   total 141312K, used 116145K [0x0000000740000000, 0x0000000800000000)
  region size 2048K, 21 young (43008K), 2 survivors (4096K)
 Metaspace       used 67838K, committed 69632K, reserved 1114112K
  class space    used 9183K, committed 10112K, reserved 1048576K
}
Event: 341.352 GC heap after
{Heap after GC invocations=52 (full 0):
 garbage-first heap   total 141312K, used 59553K [0x0000000740000000, 0x0000000800000000)
  region size 2048K, 2 young (4096K), 2 survivors (4096K)
 Metaspace       used 67838K, committed 69632K, reserved 1114112K
  class space    used 9183K, committed 10112K, reserved 1048576K
}
Event: 343.230 GC heap before
{Heap before GC invocations=52 (full 0):
 garbage-first heap   total 141312K, used 86177K [0x0000000740000000, 0x0000000800000000)
  region size 2048K, 6 young (12288K), 2 survivors (4096K)
 Metaspace       used 67899K, committed 69632K, reserved 1114112K
  class space    used 9183K, committed 10112K, reserved 1048576K
}
Event: 343.242 GC heap after
{Heap after GC invocations=53 (full 0):
 garbage-first heap   total 141312K, used 59679K [0x0000000740000000, 0x0000000800000000)
  region size 2048K, 2 young (4096K), 2 survivors (4096K)
 Metaspace       used 67899K, committed 69632K, reserved 1114112K
  class space    used 9183K, committed 10112K, reserved 1048576K
}
Event: 343.254 GC heap before
{Heap before GC invocations=53 (full 0):
 garbage-first heap   total 141312K, used 61727K [0x0000000740000000, 0x0000000800000000)
  region size 2048K, 3 young (6144K), 2 survivors (4096K)
 Metaspace       used 67899K, committed 69632K, reserved 1114112K
  class space    used 9183K, committed 10112K, reserved 1048576K
}
Event: 343.263 GC heap after
{Heap after GC invocations=54 (full 0):
 garbage-first heap   total 141312K, used 59475K [0x0000000740000000, 0x0000000800000000)
  region size 2048K, 2 young (4096K), 2 survivors (4096K)
 Metaspace       used 67899K, committed 69632K, reserved 1114112K
  class space    used 9183K, committed 10112K, reserved 1048576K
}
Event: 343.740 GC heap before
{Heap before GC invocations=54 (full 0):
 garbage-first heap   total 141312K, used 79955K [0x0000000740000000, 0x0000000800000000)
  region size 2048K, 3 young (6144K), 2 survivors (4096K)
 Metaspace       used 67903K, committed 69696K, reserved 1114112K
  class space    used 9183K, committed 10112K, reserved 1048576K
}
Event: 343.755 GC heap after
{Heap after GC invocations=55 (full 0):
 garbage-first heap   total 141312K, used 59407K [0x0000000740000000, 0x0000000800000000)
  region size 2048K, 2 young (4096K), 2 survivors (4096K)
 Metaspace       used 67903K, committed 69696K, reserved 1114112K
  class space    used 9183K, committed 10112K, reserved 1048576K
}
Event: 354.167 GC heap before
{Heap before GC invocations=55 (full 0):
 garbage-first heap   total 141312K, used 88079K [0x0000000740000000, 0x0000000800000000)
  region size 2048K, 14 young (28672K), 2 survivors (4096K)
 Metaspace       used 68407K, committed 70208K, reserved 1114112K
  class space    used 9240K, committed 10176K, reserved 1048576K
}
Event: 354.180 GC heap after
{Heap after GC invocations=56 (full 0):
 garbage-first heap   total 141312K, used 60001K [0x0000000740000000, 0x0000000800000000)
  region size 2048K, 2 young (4096K), 2 survivors (4096K)
 Metaspace       used 68407K, committed 70208K, reserved 1114112K
  class space    used 9240K, committed 10176K, reserved 1048576K
}
Event: 354.238 GC heap before
{Heap before GC invocations=56 (full 0):
 garbage-first heap   total 141312K, used 66145K [0x0000000740000000, 0x0000000800000000)
  region size 2048K, 3 young (6144K), 2 survivors (4096K)
 Metaspace       used 68410K, committed 70208K, reserved 1114112K
  class space    used 9240K, committed 10176K, reserved 1048576K
}
Event: 354.245 GC heap after
{Heap after GC invocations=57 (full 0):
 garbage-first heap   total 141312K, used 59828K [0x0000000740000000, 0x0000000800000000)
  region size 2048K, 2 young (4096K), 2 survivors (4096K)
 Metaspace       used 68410K, committed 70208K, reserved 1114112K
  class space    used 9240K, committed 10176K, reserved 1048576K
}
Event: 354.286 GC heap before
{Heap before GC invocations=57 (full 0):
 garbage-first heap   total 141312K, used 63924K [0x0000000740000000, 0x0000000800000000)
  region size 2048K, 3 young (6144K), 2 survivors (4096K)
 Metaspace       used 68410K, committed 70208K, reserved 1114112K
  class space    used 9240K, committed 10176K, reserved 1048576K
}
Event: 354.294 GC heap after
{Heap after GC invocations=58 (full 0):
 garbage-first heap   total 141312K, used 59752K [0x0000000740000000, 0x0000000800000000)
  region size 2048K, 2 young (4096K), 2 survivors (4096K)
 Metaspace       used 68410K, committed 70208K, reserved 1114112K
  class space    used 9240K, committed 10176K, reserved 1048576K
}
Event: 354.378 GC heap before
{Heap before GC invocations=58 (full 0):
 garbage-first heap   total 141312K, used 67944K [0x0000000740000000, 0x0000000800000000)
  region size 2048K, 3 young (6144K), 2 survivors (4096K)
 Metaspace       used 68410K, committed 70208K, reserved 1114112K
  class space    used 9240K, committed 10176K, reserved 1048576K
}

Deoptimization events (20 events):
Event: 345.294 Thread 0x000002a30e3151e0 Uncommon trap: trap_request=0xffffffc6 fr.pc=0x000002a37793dc00 relative=0x0000000000000300
Event: 345.294 Thread 0x000002a30e3151e0 Uncommon trap: reason=bimorphic_or_optimized_type_check action=maybe_recompile pc=0x000002a37793dc00 method=java.util.Spliterators$IteratorSpliterator.tryAdvance(Ljava/util/function/Consumer;)Z @ 50 c2
Event: 345.294 Thread 0x000002a30e3151e0 DEOPT PACKING pc=0x000002a37793dc00 sp=0x000000bdcfdf6de0
Event: 345.295 Thread 0x000002a30e3151e0 DEOPT UNPACKING pc=0x000002a36fd023a3 sp=0x000000bdcfdf6d80 mode 2
Event: 345.309 Thread 0x000002a30e3151e0 Uncommon trap: trap_request=0xffffffc6 fr.pc=0x000002a377bcbaa8 relative=0x0000000000003928
Event: 345.309 Thread 0x000002a30e3151e0 Uncommon trap: reason=bimorphic_or_optimized_type_check action=maybe_recompile pc=0x000002a377bcbaa8 method=java.util.regex.Matcher.search(I)Z @ 121 c2
Event: 345.309 Thread 0x000002a30e3151e0 DEOPT PACKING pc=0x000002a377bcbaa8 sp=0x000000bdcfdf7100
Event: 345.309 Thread 0x000002a30e3151e0 DEOPT UNPACKING pc=0x000002a36fd023a3 sp=0x000000bdcfdf7000 mode 2
Event: 345.309 Thread 0x000002a30e3151e0 Uncommon trap: trap_request=0xffffffc6 fr.pc=0x000002a377ad6374 relative=0x0000000000000594
Event: 345.309 Thread 0x000002a30e3151e0 Uncommon trap: reason=bimorphic_or_optimized_type_check action=maybe_recompile pc=0x000002a377ad6374 method=java.util.regex.Matcher.search(I)Z @ 121 c2
Event: 345.309 Thread 0x000002a30e3151e0 DEOPT PACKING pc=0x000002a377ad6374 sp=0x000000bdcfdf70b0
Event: 345.309 Thread 0x000002a30e3151e0 DEOPT UNPACKING pc=0x000002a36fd023a3 sp=0x000000bdcfdf6ff8 mode 2
Event: 345.309 Thread 0x000002a30e3151e0 Uncommon trap: trap_request=0xffffffc6 fr.pc=0x000002a37793dc00 relative=0x0000000000000300
Event: 345.309 Thread 0x000002a30e3151e0 Uncommon trap: reason=bimorphic_or_optimized_type_check action=maybe_recompile pc=0x000002a37793dc00 method=java.util.Spliterators$IteratorSpliterator.tryAdvance(Ljava/util/function/Consumer;)Z @ 50 c2
Event: 345.309 Thread 0x000002a30e3151e0 DEOPT PACKING pc=0x000002a37793dc00 sp=0x000000bdcfdf7040
Event: 345.309 Thread 0x000002a30e3151e0 DEOPT UNPACKING pc=0x000002a36fd023a3 sp=0x000000bdcfdf6fe0 mode 2
Event: 345.309 Thread 0x000002a30e3151e0 Uncommon trap: trap_request=0xffffffde fr.pc=0x000002a3778db1ac relative=0x000000000000028c
Event: 345.309 Thread 0x000002a30e3151e0 Uncommon trap: reason=class_check action=maybe_recompile pc=0x000002a3778db1ac method=java.util.stream.StreamOpFlag.fromCharacteristics(Ljava/util/Spliterator;)I @ 14 c2
Event: 345.309 Thread 0x000002a30e3151e0 DEOPT PACKING pc=0x000002a3778db1ac sp=0x000000bdcfdf6e40
Event: 345.309 Thread 0x000002a30e3151e0 DEOPT UNPACKING pc=0x000002a36fd023a3 sp=0x000000bdcfdf6d28 mode 2

Classes loaded (20 events):
Event: 74.152 Loading class sun/security/ssl/SSLEngineOutputRecord$HandshakeFragment
Event: 74.153 Loading class sun/security/ssl/SSLEngineOutputRecord$HandshakeFragment done
Event: 74.153 Loading class sun/security/ssl/SSLEngineOutputRecord$HandshakeMemo
Event: 74.153 Loading class sun/security/ssl/SSLEngineOutputRecord$RecordMemo
Event: 74.153 Loading class sun/security/ssl/SSLEngineOutputRecord$RecordMemo done
Event: 74.153 Loading class sun/security/ssl/SSLEngineOutputRecord$HandshakeMemo done
Event: 74.165 Loading class sun/security/ssl/PreSharedKeyExtension$SHPreSharedKeySpec
Event: 74.166 Loading class sun/security/ssl/PreSharedKeyExtension$SHPreSharedKeySpec done
Event: 83.746 Loading class com/sun/org/apache/xerces/internal/dom/DeferredCommentImpl
Event: 83.747 Loading class com/sun/org/apache/xerces/internal/dom/CommentImpl
Event: 83.747 Loading class com/sun/org/apache/xerces/internal/dom/CommentImpl done
Event: 83.747 Loading class com/sun/org/apache/xerces/internal/dom/DeferredCommentImpl done
Event: 97.525 Loading class java/util/Collections$UnmodifiableSortedMap
Event: 97.525 Loading class java/util/Collections$UnmodifiableSortedMap done
Event: 345.108 Loading class java/lang/StackTraceElement$HashedModules
Event: 345.109 Loading class java/lang/StackTraceElement$HashedModules done
Event: 345.292 Loading class java/util/TreeMap$KeySpliterator
Event: 345.292 Loading class java/util/TreeMap$TreeMapSpliterator
Event: 345.292 Loading class java/util/TreeMap$TreeMapSpliterator done
Event: 345.292 Loading class java/util/TreeMap$KeySpliterator done

Classes unloaded (6 events):
Event: 49.944 Thread 0x000002a36818e340 Unloading class 0x00000008012317b0 '_BuildScript_$_run_closure2'
Event: 49.944 Thread 0x000002a36818e340 Unloading class 0x00000008012313d8 '_BuildScript_$_run_closure1$_closure4'
Event: 49.944 Thread 0x000002a36818e340 Unloading class 0x0000000801231000 '_BuildScript_$_run_closure1$_closure3$_closure5'
Event: 49.944 Thread 0x000002a36818e340 Unloading class 0x0000000801230900 '_BuildScript_$_run_closure1$_closure3'
Event: 49.944 Thread 0x000002a36818e340 Unloading class 0x0000000801230528 '_BuildScript_$_run_closure1'
Event: 49.944 Thread 0x000002a36818e340 Unloading class 0x0000000801230000 '_BuildScript_'

Classes redefined (0 events):
No events

Internal exceptions (20 events):
Event: 57.435 Thread 0x000002a30e317390 Exception <a 'java/lang/NoSuchMethodError'{0x0000000746082190}: static Lorg/gradle/internal/build/event/types/DefaultFileDownloadDescriptor;.<clinit>()V> (0x0000000746082190) 
thrown [s\src\hotspot\share\prims\jni.cpp, line 1104]
Event: 57.435 Thread 0x000002a30e317390 Exception <a 'java/lang/NoSuchMethodError'{0x00000007460849a8}: static Lorg/gradle/internal/build/event/types/DefaultOperationDescriptor;.<clinit>()V> (0x00000007460849a8) 
thrown [s\src\hotspot\share\prims\jni.cpp, line 1104]
Event: 57.436 Thread 0x000002a30e317390 Exception <a 'java/lang/NoSuchMethodError'{0x0000000746088730}: 'long java.lang.invoke.DirectMethodHandle$Holder.invokeSpecial(java.lang.Object, java.lang.Object)'> (0x0000000746088730) 
thrown [s\src\hotspot\share\interpreter\linkResolver.cpp, line 759]
Event: 57.436 Thread 0x000002a30e317390 Exception <a 'java/lang/NoSuchMethodError'{0x000000074608c998}: 'long java.lang.invoke.Invokers$Holder.invokeExact_MT(java.lang.Object, java.lang.Object)'> (0x000000074608c998) 
thrown [s\src\hotspot\share\interpreter\linkResolver.cpp, line 759]
Event: 57.439 Thread 0x000002a30e317390 Exception <a 'java/lang/NoSuchMethodError'{0x00000007460a0c90}: static Lorg/gradle/internal/operations/OperationIdentifier;.<clinit>()V> (0x00000007460a0c90) 
thrown [s\src\hotspot\share\prims\jni.cpp, line 1104]
Event: 59.237 Thread 0x000002a30e317390 Exception <a 'java/lang/NoSuchMethodError'{0x0000000744abc880}: static Lorg/gradle/internal/build/event/types/DefaultStatusEvent;.<clinit>()V> (0x0000000744abc880) 
thrown [s\src\hotspot\share\prims\jni.cpp, line 1104]
Event: 59.270 Thread 0x000002a30e317390 Exception <a 'java/lang/NoSuchMethodError'{0x0000000744ac8820}: static Lorg/gradle/internal/build/event/types/DefaultOperationFinishedProgressEvent;.<clinit>()V> (0x0000000744ac8820) 
thrown [s\src\hotspot\share\prims\jni.cpp, line 1104]
Event: 59.290 Thread 0x000002a30e317390 Exception <a 'java/lang/NoSuchMethodError'{0x0000000744af1828}: static Lorg/gradle/internal/build/event/types/DefaultFileDownloadSuccessResult;.<clinit>()V> (0x0000000744af1828) 
thrown [s\src\hotspot\share\prims\jni.cpp, line 1104]
Event: 59.290 Thread 0x000002a30e317390 Exception <a 'java/lang/NoSuchMethodError'{0x0000000744af2870}: static Lorg/gradle/internal/build/event/types/DefaultSuccessResult;.<clinit>()V> (0x0000000744af2870) 
thrown [s\src\hotspot\share\prims\jni.cpp, line 1104]
Event: 59.291 Thread 0x000002a30e317390 Exception <a 'java/lang/NoSuchMethodError'{0x0000000744af3728}: static Lorg/gradle/internal/build/event/types/AbstractOperationResult;.<clinit>()V> (0x0000000744af3728) 
thrown [s\src\hotspot\share\prims\jni.cpp, line 1104]
Event: 59.291 Thread 0x000002a30e317390 Exception <a 'java/lang/NoSuchMethodError'{0x0000000744af4b98}: static Lorg/gradle/internal/build/event/types/AbstractResult;.<clinit>()V> (0x0000000744af4b98) 
thrown [s\src\hotspot\share\prims\jni.cpp, line 1104]
Event: 73.155 Thread 0x000002a30e3151e0 Exception <a 'java/lang/NoSuchMethodError'{0x0000000745cf7eb8}: 'void java.lang.invoke.DirectMethodHandle$Holder.invokeSpecial(java.lang.Object, java.lang.Object, java.lang.Object, int)'> (0x0000000745cf7eb8) 
thrown [s\src\hotspot\share\interpreter\linkResolver.cpp, line 759]
Event: 73.156 Thread 0x000002a30e3151e0 Exception <a 'java/lang/NoSuchMethodError'{0x0000000745cfc5f8}: 'void java.lang.invoke.DelegatingMethodHandle$Holder.reinvoke_L(java.lang.Object, java.lang.Object, int)'> (0x0000000745cfc5f8) 
thrown [s\src\hotspot\share\interpreter\linkResolver.cpp, line 759]
Event: 73.156 Thread 0x000002a30e3151e0 Exception <a 'java/lang/NoSuchMethodError'{0x0000000745d044d8}: 'void java.lang.invoke.Invokers$Holder.invokeExact_MT(java.lang.Object, java.lang.Object, int, java.lang.Object)'> (0x0000000745d044d8) 
thrown [s\src\hotspot\share\interpreter\linkResolver.cpp, line 759]
Event: 73.496 Thread 0x000002a30e3151e0 Exception <a 'sun/nio/fs/WindowsException'{0x0000000746ca1640}> (0x0000000746ca1640) 
thrown [s\src\hotspot\share\prims\jni.cpp, line 516]
Event: 73.496 Thread 0x000002a30e3151e0 Exception <a 'sun/nio/fs/WindowsException'{0x0000000746ca19c8}> (0x0000000746ca19c8) 
thrown [s\src\hotspot\share\prims\jni.cpp, line 516]
Event: 73.873 Thread 0x000002a30e3151e0 Implicit null exception at 0x000002a377952885 to 0x000002a377952ffc
Event: 74.093 Thread 0x000002a30e3151e0 Implicit null exception at 0x000002a377953880 to 0x000002a377953fac
Event: 97.227 Thread 0x000002a30e3151e0 Implicit null exception at 0x000002a377866df2 to 0x000002a3778671b8
Event: 344.878 Thread 0x000002a30e3151e0 Exception <a 'java/lang/NoSuchMethodError'{0x00000007488cc928}: 'void java.lang.invoke.DirectMethodHandle$Holder.invokeStatic(java.lang.Object, java.lang.Object, java.lang.Object, java.lang.Object, java.lang.Object, java.lang.Object, java.lang.Object)'> (0x00000007488cc928) 
thrown [s\src\hotspot\share\interpreter\linkResolver.cpp, line 759]

VM Operations (20 events):
Event: 344.780 Executing VM operation: Cleanup done
Event: 344.871 Executing VM operation: HandshakeAllThreads
Event: 344.871 Executing VM operation: HandshakeAllThreads done
Event: 345.869 Executing VM operation: Cleanup
Event: 345.869 Executing VM operation: Cleanup done
Event: 347.893 Executing VM operation: Cleanup
Event: 347.893 Executing VM operation: Cleanup done
Event: 349.910 Executing VM operation: Cleanup
Event: 349.910 Executing VM operation: Cleanup done
Event: 351.953 Executing VM operation: Cleanup
Event: 351.973 Executing VM operation: Cleanup done
Event: 353.997 Executing VM operation: Cleanup
Event: 353.997 Executing VM operation: Cleanup done
Event: 354.167 Executing VM operation: G1TryInitiateConcMark
Event: 354.180 Executing VM operation: G1TryInitiateConcMark done
Event: 354.237 Executing VM operation: G1TryInitiateConcMark
Event: 354.245 Executing VM operation: G1TryInitiateConcMark done
Event: 354.286 Executing VM operation: G1TryInitiateConcMark
Event: 354.294 Executing VM operation: G1TryInitiateConcMark done
Event: 354.377 Executing VM operation: G1TryInitiateConcMark

Events (20 events):
Event: 273.477 Thread 0x000002a308381610 flushing nmethod 0x000002a371126690
Event: 273.478 Thread 0x000002a308381610 flushing nmethod 0x000002a371127610
Event: 273.478 Thread 0x000002a308381610 flushing nmethod 0x000002a37112d790
Event: 273.478 Thread 0x000002a308381610 flushing nmethod 0x000002a371135890
Event: 273.478 Thread 0x000002a308381610 flushing nmethod 0x000002a371136c90
Event: 273.478 Thread 0x000002a308381610 flushing nmethod 0x000002a371139790
Event: 273.478 Thread 0x000002a308381610 flushing nmethod 0x000002a37113bb10
Event: 273.478 Thread 0x000002a308381610 flushing nmethod 0x000002a371144990
Event: 273.478 Thread 0x000002a308381610 flushing nmethod 0x000002a371146a90
Event: 273.478 Thread 0x000002a308381610 flushing nmethod 0x000002a371147210
Event: 273.478 Thread 0x000002a308381610 flushing nmethod 0x000002a371164790
Event: 273.478 Thread 0x000002a308381610 flushing nmethod 0x000002a371193090
Event: 273.478 Thread 0x000002a308381610 flushing nmethod 0x000002a371194510
Event: 273.478 Thread 0x000002a308381610 flushing nmethod 0x000002a371197190
Event: 273.478 Thread 0x000002a308381610 flushing nmethod 0x000002a371198b90
Event: 273.478 Thread 0x000002a308381610 flushing nmethod 0x000002a3711aa110
Event: 273.479 Thread 0x000002a308381610 flushing nmethod 0x000002a3711da290
Event: 273.479 Thread 0x000002a308381610 flushing nmethod 0x000002a371286890
Event: 340.949 Thread 0x000002a30e1cbf70 Thread added: 0x000002a30e1cbf70
Event: 340.950 Thread 0x000002a30e1c7270 Thread added: 0x000002a30e1c7270


Dynamic libraries:
0x00007ff6c55e0000 - 0x00007ff6c55ed000 	C:\Users\fixdo\.jdks\corretto-18.0.2\bin\java.exe
0x00007ff83a920000 - 0x00007ff83ab29000 	C:\WINDOWS\SYSTEM32\ntdll.dll
0x00007ff839e80000 - 0x00007ff839f3e000 	C:\WINDOWS\System32\KERNEL32.DLL
0x00007ff8380d0000 - 0x00007ff838454000 	C:\WINDOWS\System32\KERNELBASE.dll
0x00007ff837ea0000 - 0x00007ff837fb1000 	C:\WINDOWS\System32\ucrtbase.dll
0x00007ff824720000 - 0x00007ff824737000 	C:\Users\fixdo\.jdks\corretto-18.0.2\bin\jli.dll
0x00007ff822ff0000 - 0x00007ff823005000 	C:\Users\fixdo\.jdks\corretto-18.0.2\bin\VCRUNTIME140.dll
0x00007ff822d00000 - 0x00007ff822fa5000 	C:\WINDOWS\WinSxS\amd64_microsoft.windows.common-controls_6595b64144ccf1df_6.0.22000.120_none_9d947278b86cc467\COMCTL32.dll
0x00007ff839c50000 - 0x00007ff839dfd000 	C:\WINDOWS\System32\USER32.dll
0x00007ff837e70000 - 0x00007ff837e96000 	C:\WINDOWS\System32\win32u.dll
0x00007ff838770000 - 0x00007ff83879a000 	C:\WINDOWS\System32\GDI32.dll
0x00007ff8385d0000 - 0x00007ff8386ef000 	C:\WINDOWS\System32\gdi32full.dll
0x00007ff838030000 - 0x00007ff8380cd000 	C:\WINDOWS\System32\msvcp_win.dll
0x00007ff839a10000 - 0x00007ff839ab3000 	C:\WINDOWS\System32\msvcrt.dll
0x00007ff8399d0000 - 0x00007ff839a01000 	C:\WINDOWS\System32\IMM32.DLL
0x00007ff810a80000 - 0x00007ff810b1b000 	C:\Users\fixdo\.jdks\corretto-18.0.2\bin\msvcp140.dll
0x00007ffff3310000 - 0x00007ffff3f81000 	C:\Users\fixdo\.jdks\corretto-18.0.2\bin\server\jvm.dll
0x00007ff83a1d0000 - 0x00007ff83a27f000 	C:\WINDOWS\System32\ADVAPI32.dll
0x00007ff839930000 - 0x00007ff8399ce000 	C:\WINDOWS\System32\sechost.dll
0x00007ff838b30000 - 0x00007ff838c51000 	C:\WINDOWS\System32\RPCRT4.dll
0x00007ff839ad0000 - 0x00007ff839ad8000 	C:\WINDOWS\System32\PSAPI.DLL
0x00007ff81b3c0000 - 0x00007ff81b3c9000 	C:\WINDOWS\SYSTEM32\WSOCK32.dll
0x00007ff830460000 - 0x00007ff830493000 	C:\WINDOWS\SYSTEM32\WINMM.dll
0x00007ff82fcd0000 - 0x00007ff82fcda000 	C:\WINDOWS\SYSTEM32\VERSION.dll
0x00007ff838ac0000 - 0x00007ff838b2f000 	C:\WINDOWS\System32\WS2_32.dll
0x00007ff836e10000 - 0x00007ff836e28000 	C:\WINDOWS\SYSTEM32\kernel.appcore.dll
0x00007ff8330b0000 - 0x00007ff8330ba000 	C:\Users\fixdo\.jdks\corretto-18.0.2\bin\jimage.dll
0x00007ff830110000 - 0x00007ff830331000 	C:\WINDOWS\SYSTEM32\DBGHELP.DLL
0x00007ff817fd0000 - 0x00007ff818001000 	C:\WINDOWS\SYSTEM32\dbgcore.DLL
0x00007ff8386f0000 - 0x00007ff83876f000 	C:\WINDOWS\System32\bcryptPrimitives.dll
0x00007ff817200000 - 0x00007ff817225000 	C:\Users\fixdo\.jdks\corretto-18.0.2\bin\java.dll
0x00007ff80c9a0000 - 0x00007ff80ca76000 	C:\Users\fixdo\.jdks\corretto-18.0.2\bin\jsvml.dll
0x00007ff838c60000 - 0x00007ff839425000 	C:\WINDOWS\System32\SHELL32.dll
0x00007ff835e40000 - 0x00007ff8366a4000 	C:\WINDOWS\SYSTEM32\windows.storage.dll
0x00007ff83a3a0000 - 0x00007ff83a716000 	C:\WINDOWS\System32\combase.dll
0x00007ff835cd0000 - 0x00007ff835e37000 	C:\WINDOWS\SYSTEM32\wintypes.dll
0x00007ff839b60000 - 0x00007ff839c4a000 	C:\WINDOWS\System32\SHCORE.dll
0x00007ff839e00000 - 0x00007ff839e5d000 	C:\WINDOWS\System32\shlwapi.dll
0x00007ff837ce0000 - 0x00007ff837d05000 	C:\WINDOWS\SYSTEM32\profapi.dll
0x00007ff81e490000 - 0x00007ff81e4a3000 	C:\Users\fixdo\.jdks\corretto-18.0.2\bin\net.dll
0x00007ff830c10000 - 0x00007ff830d23000 	C:\WINDOWS\SYSTEM32\WINHTTP.dll
0x00007ff837360000 - 0x00007ff8373c7000 	C:\WINDOWS\system32\mswsock.dll
0x00007ff81e200000 - 0x00007ff81e215000 	C:\Users\fixdo\.jdks\corretto-18.0.2\bin\nio.dll
0x00007ff81d620000 - 0x00007ff81d638000 	C:\Users\fixdo\.jdks\corretto-18.0.2\bin\zip.dll
0x00007ff825150000 - 0x00007ff825160000 	C:\Users\fixdo\.jdks\corretto-18.0.2\bin\verify.dll
0x00007ff820220000 - 0x00007ff820247000 	C:\Users\fixdo\.gradle\native\e1d6ef7f7dcc3fd88c89a11ec53ec762bb8ba0a96d01ffa2cd45eb1d1d8dd5c5\windows-amd64\native-platform.dll
0x00007ff81ace0000 - 0x00007ff81ae24000 	C:\Users\fixdo\.gradle\native\0d407fdbe67a94daf76414ababcb853783967236a71b16ec16e742cd7a986fd3\windows-amd64\native-platform-file-events.dll
0x00007ff824fe0000 - 0x00007ff824fe9000 	C:\Users\fixdo\.jdks\corretto-18.0.2\bin\management.dll
0x00007ff824ad0000 - 0x00007ff824adb000 	C:\Users\fixdo\.jdks\corretto-18.0.2\bin\management_ext.dll
0x00007ff837600000 - 0x00007ff837618000 	C:\WINDOWS\SYSTEM32\CRYPTSP.dll
0x00007ff836d50000 - 0x00007ff836d85000 	C:\WINDOWS\system32\rsaenh.dll
0x00007ff8374b0000 - 0x00007ff8374dc000 	C:\WINDOWS\SYSTEM32\USERENV.dll
0x00007ff837780000 - 0x00007ff8377a7000 	C:\WINDOWS\SYSTEM32\bcrypt.dll
0x00007ff837620000 - 0x00007ff83762c000 	C:\WINDOWS\SYSTEM32\CRYPTBASE.dll
0x00007ff836990000 - 0x00007ff8369bd000 	C:\WINDOWS\SYSTEM32\IPHLPAPI.DLL
0x00007ff839ac0000 - 0x00007ff839ac9000 	C:\WINDOWS\System32\NSI.dll
0x00007ff831a90000 - 0x00007ff831aa9000 	C:\WINDOWS\SYSTEM32\dhcpcsvc6.DLL
0x00007ff831b00000 - 0x00007ff831b1e000 	C:\WINDOWS\SYSTEM32\dhcpcsvc.DLL
0x00007ff8369c0000 - 0x00007ff836aa7000 	C:\WINDOWS\SYSTEM32\DNSAPI.dll
0x00007ff82c2d0000 - 0x00007ff82c2de000 	C:\Users\fixdo\.jdks\corretto-18.0.2\bin\sunmscapi.dll
0x00007ff838460000 - 0x00007ff8385ca000 	C:\WINDOWS\System32\CRYPT32.dll
0x00007ff837750000 - 0x00007ff83777a000 	C:\WINDOWS\SYSTEM32\ncrypt.dll
0x00007ff837710000 - 0x00007ff837747000 	C:\WINDOWS\SYSTEM32\NTASN1.dll
0x00007ff82ab90000 - 0x00007ff82ab9a000 	C:\Windows\System32\rasadhlp.dll
0x00007ff82aba0000 - 0x00007ff82ac22000 	C:\WINDOWS\System32\fwpuclnt.dll
0x00007ff835270000 - 0x00007ff835302000 	C:\WINDOWS\system32\apphelp.dll

dbghelp: loaded successfully - version: 4.0.5 - missing functions: none
symbol engine: initialized successfully - sym options: 0x614 - pdb path: .;C:\Users\fixdo\.jdks\corretto-18.0.2\bin;C:\WINDOWS\SYSTEM32;C:\WINDOWS\WinSxS\amd64_microsoft.windows.common-controls_6595b64144ccf1df_6.0.22000.120_none_9d947278b86cc467;C:\Users\fixdo\.jdks\corretto-18.0.2\bin\server;C:\Users\fixdo\.gradle\native\e1d6ef7f7dcc3fd88c89a11ec53ec762bb8ba0a96d01ffa2cd45eb1d1d8dd5c5\windows-amd64;C:\Users\fixdo\.gradle\native\0d407fdbe67a94daf76414ababcb853783967236a71b16ec16e742cd7a986fd3\windows-amd64

VM Arguments:
jvm_args: --add-opens=java.base/java.util=ALL-UNNAMED --add-opens=java.base/java.lang=ALL-UNNAMED --add-opens=java.base/java.lang.invoke=ALL-UNNAMED --add-opens=java.base/java.util=ALL-UNNAMED --add-opens=java.prefs/java.util.prefs=ALL-UNNAMED --add-opens=java.prefs/java.util.prefs=ALL-UNNAMED --add-opens=java.base/java.nio.charset=ALL-UNNAMED --add-opens=java.base/java.net=ALL-UNNAMED --add-opens=java.base/java.util.concurrent.atomic=ALL-UNNAMED -Xmx3G -Dfile.encoding=windows-31j -Duser.country=JP -Duser.language=ja -Duser.variant 
java_command: org.gradle.launcher.daemon.bootstrap.GradleDaemon 7.5.1
java_class_path (initial): C:\Users\fixdo\.gradle\wrapper\dists\gradle-7.5.1-bin\7jzzequgds1hbszbhq3npc5ng\gradle-7.5.1\lib\gradle-launcher-7.5.1.jar
Launcher Type: SUN_STANDARD

[Global flags]
     intx CICompilerCount                          = 3                                         {product} {ergonomic}
     uint ConcGCThreads                            = 1                                         {product} {ergonomic}
     uint G1ConcRefinementThreads                  = 4                                         {product} {ergonomic}
   size_t G1HeapRegionSize                         = 2097152                                   {product} {ergonomic}
    uintx GCDrainStackTargetSize                   = 64                                        {product} {ergonomic}
   size_t InitialHeapSize                          = 67108864                                  {product} {ergonomic}
   size_t MarkStackSize                            = 4194304                                   {product} {ergonomic}
   size_t MaxHeapSize                              = 3221225472                                {product} {command line}
   size_t MaxNewSize                               = 1931476992                                {product} {ergonomic}
   size_t MinHeapDeltaBytes                        = 2097152                                   {product} {ergonomic}
   size_t MinHeapSize                              = 8388608                                   {product} {ergonomic}
    uintx NonNMethodCodeHeapSize                   = 5832780                                {pd product} {ergonomic}
    uintx NonProfiledCodeHeapSize                  = 122912730                              {pd product} {ergonomic}
    uintx ProfiledCodeHeapSize                     = 122912730                              {pd product} {ergonomic}
    uintx ReservedCodeCacheSize                    = 251658240                              {pd product} {ergonomic}
     bool SegmentedCodeCache                       = true                                      {product} {ergonomic}
   size_t SoftMaxHeapSize                          = 3221225472                             {manageable} {ergonomic}
     bool UseCompressedClassPointers               = true                           {product lp64_product} {ergonomic}
     bool UseCompressedOops                        = true                           {product lp64_product} {ergonomic}
     bool UseG1GC                                  = true                                      {product} {ergonomic}
     bool UseLargePagesIndividualAllocation        = false                                  {pd product} {ergonomic}

Logging:
Log output configuration:
 #0: stdout all=warning uptime,level,tags foldmultilines=false
 #1: stderr all=off uptime,level,tags foldmultilines=false

Environment Variables:
PATH=C:\Program Files (x86)\Common Files\Oracle\Java\javapath;C:\WINDOWS\system32;C:\WINDOWS;C:\WINDOWS\System32\Wbem;C:\WINDOWS\System32\WindowsPowerShell\v1.0\;C:\WINDOWS\System32\OpenSSH\;C:\Program Files\gradle-7.3.3\bin;C:\Program Files\dotnet\;C:\Program Files\Git\cmd;C:\Users\fixdo\AppData\Local\Programs\Python\Python311\Scripts\;C:\Users\fixdo\AppData\Local\Programs\Python\Python311\;C:\Users\fixdo\AppData\Local\Microsoft\WindowsApps;C:\Users\fixdo\.dotnet\tools;C:\Users\fixdo\AppData\Local\Programs\Microsoft VS Code\bin;C:\Users\fixdo\AppData\Local\Programs\Microsoft VS Code Insiders\bin
USERNAME=fixdo
OS=Windows_NT
PROCESSOR_IDENTIFIER=Intel64 Family 6 Model 142 Stepping 9, GenuineIntel



---------------  S Y S T E M  ---------------

OS:
 Windows 11 , 64 bit Build 22000 (10.0.22000.2124)
OS uptime: 7 days 15:12 hours
Hyper-V role detected

CPU: total 4 (initial active 4) (2 cores per cpu, 2 threads per core) family 6 model 142 stepping 9 microcode 0xec, cx8, cmov, fxsr, ht, mmx, 3dnowpref, sse, sse2, sse3, ssse3, sse4.1, sse4.2, popcnt, lzcnt, tsc, tscinvbit, avx, avx2, aes, erms, clmul, bmi1, bmi2, adx, fma, vzeroupper, clflush, clflushopt, hv

Memory: 4k page, system-wide physical 4017M (261M free)
TotalPageFile size 11332M (AvailPageFile size 30M)
current process WorkingSet (physical memory assigned to process): 223M, peak: 276M
current process commit charge ("private bytes"): 391M, peak: 577M

vm_info: OpenJDK 64-Bit Server VM (18.0.2+9-FR) for windows-amd64 JRE (18.0.2+9-FR), built on Jul 15 2022 20:03:03 by "Administrator" with MS VC++ 15.9 (VS2017)

END.
